Arguments: 
  C:\Program Files\nodejs\node.exe C:\Users\hanma\AppData\Local\node\corepack\yarn\1.22.19\bin\yarn.js add file:./ckeditor5

PATH: 
  C:\Program Files\NVIDIA GPU Computing Toolkit\CUDA\v12.1\bin;C:\Program Files\NVIDIA GPU Computing Toolkit\CUDA\v12.1\libnvvp;C:\WINDOWS\system32\inetsrv;C:\Program Files\PHP\v7.4;C:\WINDOWS\system32;C:\WINDOWS;C:\WINDOWS\System32\Wbem;C:\WINDOWS\System32\WindowsPowerShell\v1.0\;C:\Program Files\PuTTY\;C:\WINDOWS\System32\OpenSSH\;C:\Program Files\Microsoft\Web Platform Installer\;C:\Users\hanma\AppData\Local\Microsoft\WindowsApps;C:\ProgramData\ComposerSetup\bin;C:\Program Files (x86)\Tencent\微信web开发者工具\dll;C:\Pro;ram Files\Git\cmd;C:\Program Files\Git\cmd;C:\ProgramData\chocolatey\bin;C:\Program Files\nodejs\;C:\Ruby30-x64\bin;C:\Users\hanma\AppData\Roaming\Composer\vendor\bin;C:\Users\hanma\AppData\Local\Programs\Microsoft VS Code\bin;C:\Program Files\Git\bin;C:\Users\hanma\AppData\Roaming\npm;C:\Program Files\LibreOffice\program;D:\ImageMagick\bin;C:\WINDOWS\system32;C:\WINDOWS;C:\WINDOWS\System32\Wbem;C:\WINDOWS\System32\WindowsPowerShell\v1.0\;C:\WINDOWS\System32\OpenSSH\;d:\ffmpeg\bin\;C:\Program Files\NVIDIA Corporation\Nsight Compute 2023.1.0\;C:\Program Files (x86)\NVIDIA Corporation\PhysX\Common;C:\Program Files\NVIDIA Corporation\NVIDIA NvDLISR;C:\Program Files\dotnet\;C:\Ruby30-x64\bin;C:\Users\hanma\AppData\Local\Microsoft\WindowsApps;C:\Users\hanma\AppData\Roaming\Composer\vendor\bin;C:\Users\hanma\AppData\Local\Programs\Microsoft VS Code\bin;C:\Program Files\Git\bin;C:\Program Files\Git\cmd;C:\Users\hanma\AppData\Local\Microsoft\WindowsApps;C:\Users\hanma\AppData\Roaming\npm;C:\Program Files (x86)\Nmap;

Yarn version: 
  1.22.19

Node version: 
  16.15.0

Platform: 
  win32 x64

Trace: 
  Error: EPERM: operation not permitted, unlink 'D:\vue3\node_modules\esbuild-windows-64\esbuild.exe'

npm manifest: 
  {
    "name": "ypcmsvue3",
    "private": true,
    "version": "0.0.0",
    "type": "module",
    "scripts": {
      "dev": "vite",
      "build": "vite build",
      "preview": "vite preview"
    },
    "dependencies": {
      "@ckeditor/ckeditor5-build-classic": "^37.0.1",
      "@ckeditor/ckeditor5-vue": "^5.0.0",
      "animate.css": "^4.1.1",
      "axios": "^0.27.2",
      "css-loader": "^5.2.7",
      "less": "^4.1.3",
      "nprogress": "^0.2.0",
      "plupload": "^2.3.9",
      "remixicon": "^2.5.0",
      "scss": "^0.2.4",
      "v-clipboard": "^2.2.3",
      "vue": "^3.2.37",
      "vue-axios": "^3.4.1",
      "vue-clipboard3": "^2.0.0",
      "vue-router": "^4.1.3",
      "vue3-echarts": "^1.0.4",
      "vuex": "^4.0.2"
    },
    "devDependencies": {
      "@vitejs/plugin-vue": "^3.0.3",
      "autoprefixer": "^10.4.8",
      "postcss": "^8.4.16",
      "sass": "^1.54.5",
      "tailwindcss": "^3.1.8",
      "vite": "^3.0.7"
    }
  }

yarn manifest: 
  No manifest

Lockfile: 
  # THIS IS AN AUTOGENERATED FILE. DO NOT EDIT THIS FILE DIRECTLY.
  # yarn lockfile v1
  
  
  "@babel/parser@^7.16.4":
    version "7.21.4"
    resolved "https://registry.npmmirror.com/@babel/parser/-/parser-7.21.4.tgz"
    integrity sha512-alVJj7k7zIxqBZ7BTRhz0IqJFxW1VJbm6N8JbcYhQ186df9ZBPbZBmWSqAMXwHGsCJdYks7z/voa3ibiS5bCIw==
  
  "@ckeditor/ckeditor5-adapter-ckfinder@^37.0.1":
    version "37.0.1"
    resolved "https://registry.npmmirror.com/@ckeditor/ckeditor5-adapter-ckfinder/-/ckeditor5-adapter-ckfinder-37.0.1.tgz"
    integrity sha512-gqHXb9hDo3mEM3eR9QbNpf1NagJ8SkYBSW/HhIJ730fQcEKj/NLA+DvkzGXpv26gSuFnqEXWobE3Zk7a2plscA==
    dependencies:
      ckeditor5 "^37.0.1"
  
  "@ckeditor/ckeditor5-autoformat@^37.0.1":
    version "37.0.1"
    resolved "https://registry.npmmirror.com/@ckeditor/ckeditor5-autoformat/-/ckeditor5-autoformat-37.0.1.tgz"
    integrity sha512-qmxtHJI3qjj7FpfaINQKm7geuURK2ec4PG8PvXQhRa7WNWLgeFDYWeYyc3/6aaQ5IEtmpYeEewNTYUq0A0rrGA==
    dependencies:
      ckeditor5 "^37.0.1"
  
  "@ckeditor/ckeditor5-basic-styles@^37.0.1":
    version "37.0.1"
    resolved "https://registry.npmmirror.com/@ckeditor/ckeditor5-basic-styles/-/ckeditor5-basic-styles-37.0.1.tgz"
    integrity sha512-QqrvCCP222Ctb7Olv4E7zmMx9onLmSbEc0Sqsdfx0sqc8hxkRi9tV1MaMpfUOiiu4O3A/VnmxBvvibdluVx5+g==
    dependencies:
      ckeditor5 "^37.0.1"
  
  "@ckeditor/ckeditor5-block-quote@^37.0.1":
    version "37.0.1"
    resolved "https://registry.npmmirror.com/@ckeditor/ckeditor5-block-quote/-/ckeditor5-block-quote-37.0.1.tgz"
    integrity sha512-o8/cBnNgc2utX+BJmlBP5qDo+oMQYFPyddzOtvl06cjWYlvOKze7Nk+2hsDXWqsHfzj2eCwkfqMZkFaPTWfueQ==
    dependencies:
      ckeditor5 "^37.0.1"
  
  "@ckeditor/ckeditor5-build-classic@^37.0.1":
    version "37.0.1"
    resolved "https://registry.npmmirror.com/@ckeditor/ckeditor5-build-classic/-/ckeditor5-build-classic-37.0.1.tgz"
    integrity sha512-0btX3Ax6/eKoUDbqKeTClLhxrvyJYjoomvS7yk6MJhRcJNXDJ2sv9uzlDJAaKgQInHLm5cew2m8tHuPwwREYAA==
    dependencies:
      "@ckeditor/ckeditor5-adapter-ckfinder" "^37.0.1"
      "@ckeditor/ckeditor5-autoformat" "^37.0.1"
      "@ckeditor/ckeditor5-basic-styles" "^37.0.1"
      "@ckeditor/ckeditor5-block-quote" "^37.0.1"
      "@ckeditor/ckeditor5-ckbox" "^37.0.1"
      "@ckeditor/ckeditor5-ckfinder" "^37.0.1"
      "@ckeditor/ckeditor5-cloud-services" "^37.0.1"
      "@ckeditor/ckeditor5-easy-image" "^37.0.1"
      "@ckeditor/ckeditor5-editor-classic" "^37.0.1"
      "@ckeditor/ckeditor5-essentials" "^37.0.1"
      "@ckeditor/ckeditor5-heading" "^37.0.1"
      "@ckeditor/ckeditor5-image" "^37.0.1"
      "@ckeditor/ckeditor5-indent" "^37.0.1"
      "@ckeditor/ckeditor5-link" "^37.0.1"
      "@ckeditor/ckeditor5-list" "^37.0.1"
      "@ckeditor/ckeditor5-media-embed" "^37.0.1"
      "@ckeditor/ckeditor5-paragraph" "^37.0.1"
      "@ckeditor/ckeditor5-paste-from-office" "^37.0.1"
      "@ckeditor/ckeditor5-table" "^37.0.1"
      "@ckeditor/ckeditor5-typing" "^37.0.1"
  
  "@ckeditor/ckeditor5-ckbox@^37.0.1":
    version "37.0.1"
    resolved "https://registry.npmmirror.com/@ckeditor/ckeditor5-ckbox/-/ckeditor5-ckbox-37.0.1.tgz"
    integrity sha512-ezaFEiHhufJmJ372Ca3XxxQQQ7SjIZeL8nbXS7OUkTw6a+exWi2bF5WDmVGQI6nKKG2B5UgaS18Rcx6i05r7MQ==
    dependencies:
      ckeditor5 "^37.0.1"
  
  "@ckeditor/ckeditor5-ckfinder@^37.0.1":
    version "37.0.1"
    resolved "https://registry.npmmirror.com/@ckeditor/ckeditor5-ckfinder/-/ckeditor5-ckfinder-37.0.1.tgz"
    integrity sha512-cIAswqQCiZKH1urk6iR+mS3ARtd3PcjZXVit8B0UKKEinAHA0TfwXv6gDHEWQhre4LM4hle4Y+jcMK0VFj2dfg==
    dependencies:
      ckeditor5 "^37.0.1"
  
  "@ckeditor/ckeditor5-clipboard@^37.0.1":
    version "37.0.1"
    resolved "https://registry.npmmirror.com/@ckeditor/ckeditor5-clipboard/-/ckeditor5-clipboard-37.0.1.tgz"
    integrity sha512-nUSpkkBu4zKwAsS1ZaAu85QyfUlL0eUEo/vocM5OZUl5cI7vmZEuokdD+Fdoo+mqn7//XmlG+P3F0QzOwuUGQw==
    dependencies:
      "@ckeditor/ckeditor5-core" "^37.0.1"
      "@ckeditor/ckeditor5-engine" "^37.0.1"
      "@ckeditor/ckeditor5-utils" "^37.0.1"
      "@ckeditor/ckeditor5-widget" "^37.0.1"
      lodash-es "^4.17.15"
  
  "@ckeditor/ckeditor5-cloud-services@^37.0.1":
    version "37.0.1"
    resolved "https://registry.npmmirror.com/@ckeditor/ckeditor5-cloud-services/-/ckeditor5-cloud-services-37.0.1.tgz"
    integrity sha512-9XbXUeVXR3iK2Eke2OrJG4Iw3jf09vBswALliGOMiftyL/yEQdHnT9Grs/0c76wMlcxvB3lfRl4fSDo4uvi3Og==
    dependencies:
      ckeditor5 "^37.0.1"
  
  "@ckeditor/ckeditor5-core@^37.0.1":
    version "37.0.1"
    resolved "https://registry.npmmirror.com/@ckeditor/ckeditor5-core/-/ckeditor5-core-37.0.1.tgz"
    integrity sha512-xzcAG8aAzzHZbpwUNfpNfkSoEJcofugvMA+Qk4h9dQCNW2hEoacRmaxkWsiKoRyw6WOLGomiJQE2s3EfemEN1g==
    dependencies:
      "@ckeditor/ckeditor5-engine" "^37.0.1"
      "@ckeditor/ckeditor5-utils" "^37.0.1"
      lodash-es "^4.17.15"
  
  "@ckeditor/ckeditor5-easy-image@^37.0.1":
    version "37.0.1"
    resolved "https://registry.npmmirror.com/@ckeditor/ckeditor5-easy-image/-/ckeditor5-easy-image-37.0.1.tgz"
    integrity sha512-lHNj3OTEkCvxhy5e9UCHSa5qjp/MYd3tcYF8Kl45yti+EmSHaH3lr/9Us9f0DLgDmayk5yFxhXDVRAqn/ezOgw==
    dependencies:
      ckeditor5 "^37.0.1"
  
  "@ckeditor/ckeditor5-editor-classic@^37.0.1":
    version "37.0.1"
    resolved "https://registry.npmmirror.com/@ckeditor/ckeditor5-editor-classic/-/ckeditor5-editor-classic-37.0.1.tgz"
    integrity sha512-OV0dOfSON1lz62KtNCykwImTz8NBIoof8rDkUbHKqI+Wrj37yapStM7n+0JJHHuF0iuR0gKRl/4NBmTstSSrVQ==
    dependencies:
      ckeditor5 "^37.0.1"
      lodash-es "^4.17.15"
  
  "@ckeditor/ckeditor5-engine@^37.0.1":
    version "37.0.1"
    resolved "https://registry.npmmirror.com/@ckeditor/ckeditor5-engine/-/ckeditor5-engine-37.0.1.tgz"
    integrity sha512-vc6jxyAf8t0t/xjyU8ACUzcNce1FyzBd3yTc+uNONLnrFUoWA3t8VKVxqCHfx50QaPAW3e/MLa1uR7NSLwb8dQ==
    dependencies:
      "@ckeditor/ckeditor5-utils" "^37.0.1"
      lodash-es "^4.17.15"
  
  "@ckeditor/ckeditor5-enter@^37.0.1":
    version "37.0.1"
    resolved "https://registry.npmmirror.com/@ckeditor/ckeditor5-enter/-/ckeditor5-enter-37.0.1.tgz"
    integrity sha512-eCZGgkFWTuhKSu3tROHiHmfaTBds9t84gFO96PVfKY2xpS5C04bf16EWt68P+ANIlHAWcnQ+hJoNZ0x77wWx/Q==
    dependencies:
      "@ckeditor/ckeditor5-core" "^37.0.1"
      "@ckeditor/ckeditor5-engine" "^37.0.1"
  
  "@ckeditor/ckeditor5-essentials@^37.0.1":
    version "37.0.1"
    resolved "https://registry.npmmirror.com/@ckeditor/ckeditor5-essentials/-/ckeditor5-essentials-37.0.1.tgz"
    integrity sha512-90idqA/5+Tu8wYwWfwNbSMfzyUGLYQYEI1BV+rRt3ahSmJkGR40r5W9RIvrw4efUYAkQb9wvy9fQWNeyvZKKNg==
    dependencies:
      ckeditor5 "^37.0.1"
  
  "@ckeditor/ckeditor5-heading@^37.0.1":
    version "37.0.1"
    resolved "https://registry.npmmirror.com/@ckeditor/ckeditor5-heading/-/ckeditor5-heading-37.0.1.tgz"
    integrity sha512-LgoMCZ0AAbpGd/pMYoVS8Lgkr5197e/wBNUP+RJKzl31q9jx6WzP4B1tF5ovsgJwoRy9WTmEpBpVyUVgVLayKQ==
    dependencies:
      ckeditor5 "^37.0.1"
  
  "@ckeditor/ckeditor5-image@^37.0.1":
    version "37.0.1"
    resolved "https://registry.npmmirror.com/@ckeditor/ckeditor5-image/-/ckeditor5-image-37.0.1.tgz"
    integrity sha512-dNL/4yaWTV7aMnO6sASYQ0nhLSo3L/yn2gQKfCeFI+iwY4dX2Z+CHetLZKDxIRyNSTVvP3XMJRfmPXqRGkoKig==
    dependencies:
      "@ckeditor/ckeditor5-ui" "^37.0.1"
      ckeditor5 "^37.0.1"
      lodash-es "^4.17.15"
  
  "@ckeditor/ckeditor5-indent@^37.0.1":
    version "37.0.1"
    resolved "https://registry.npmmirror.com/@ckeditor/ckeditor5-indent/-/ckeditor5-indent-37.0.1.tgz"
    integrity sha512-AiqbPVGOltOfwWSAPvPcIyYQMfvde2ykBP970EZ2NBtgvsdus5npiWu1FMTUCAyWjNYxhMrL52dHlDTSNKPRKQ==
    dependencies:
      ckeditor5 "^37.0.1"
  
  "@ckeditor/ckeditor5-link@^37.0.1":
    version "37.0.1"
    resolved "https://registry.npmmirror.com/@ckeditor/ckeditor5-link/-/ckeditor5-link-37.0.1.tgz"
    integrity sha512-fw61wW3ghER04vTOCq7a9HPypdOvsmOOl/ECIqIemV9NDUu9mT9TGp8UZiehz7FxI0opa2iTKc6RB3vCM1Q2iw==
    dependencies:
      "@ckeditor/ckeditor5-ui" "^37.0.1"
      ckeditor5 "^37.0.1"
      lodash-es "^4.17.15"
  
  "@ckeditor/ckeditor5-list@^37.0.1":
    version "37.0.1"
    resolved "https://registry.npmmirror.com/@ckeditor/ckeditor5-list/-/ckeditor5-list-37.0.1.tgz"
    integrity sha512-ydRB2kuZIIUIvXEdH2somhey4senEjQ24NuEGuguTlWGdUiTO6yr1feHSOiNjQrMeiAjfJCGKRks80SOIqrSbQ==
    dependencies:
      "@ckeditor/ckeditor5-ui" "^37.0.1"
      ckeditor5 "^37.0.1"
  
  "@ckeditor/ckeditor5-media-embed@^37.0.1":
    version "37.0.1"
    resolved "https://registry.npmmirror.com/@ckeditor/ckeditor5-media-embed/-/ckeditor5-media-embed-37.0.1.tgz"
    integrity sha512-UsNZnpNo4Banp1oiGAOiBwoDkt5VF+cyzOEED2QxVAN6jEWoSuqLL/8K3jioLyilYvW4tM+x1bEs45TIZjwe6g==
    dependencies:
      "@ckeditor/ckeditor5-ui" "^37.0.1"
      ckeditor5 "^37.0.1"
  
  "@ckeditor/ckeditor5-paragraph@^37.0.1":
    version "37.0.1"
    resolved "https://registry.npmmirror.com/@ckeditor/ckeditor5-paragraph/-/ckeditor5-paragraph-37.0.1.tgz"
    integrity sha512-nQbVwe9NVUXxwHZtRtMJRm64FrAPFqRGn/zCEFT41tB9/is014elSuvpn9UyC2iJxllmp+5nrtXANR+cBHsgxA==
    dependencies:
      "@ckeditor/ckeditor5-core" "^37.0.1"
      "@ckeditor/ckeditor5-ui" "^37.0.1"
      "@ckeditor/ckeditor5-utils" "^37.0.1"
  
  "@ckeditor/ckeditor5-paste-from-office@^37.0.1":
    version "37.0.1"
    resolved "https://registry.npmmirror.com/@ckeditor/ckeditor5-paste-from-office/-/ckeditor5-paste-from-office-37.0.1.tgz"
    integrity sha512-46ku6nLfTcYx88UlFci8jSqkwQPGk0wgUqB42ErPSOOm7W18RmDBiJ6wJ8W1w/kd9e8FvujZ5JA/wLH9QNxSWQ==
    dependencies:
      ckeditor5 "^37.0.1"
  
  "@ckeditor/ckeditor5-select-all@^37.0.1":
    version "37.0.1"
    resolved "https://registry.npmmirror.com/@ckeditor/ckeditor5-select-all/-/ckeditor5-select-all-37.0.1.tgz"
    integrity sha512-moji9ivRnyjT7qz8jrx+jbPCnl+i7E8ACRBYiWdIfWiBt0bw0Es4bCGWxiZNjjD1j+qFSNZdNWasQwQ3ednd3g==
    dependencies:
      "@ckeditor/ckeditor5-core" "^37.0.1"
      "@ckeditor/ckeditor5-ui" "^37.0.1"
      "@ckeditor/ckeditor5-utils" "^37.0.1"
  
  "@ckeditor/ckeditor5-table@^37.0.1":
    version "37.0.1"
    resolved "https://registry.npmmirror.com/@ckeditor/ckeditor5-table/-/ckeditor5-table-37.0.1.tgz"
    integrity sha512-vkKfPXS6dap/TpUtxnDA84Ly620gcRR1SBSzm/sAUHDoLnYptFO3OMSckAh2EtTPajSyg1IjjGe1ZTHsVIJOkw==
    dependencies:
      ckeditor5 "^37.0.1"
      lodash-es "^4.17.15"
  
  "@ckeditor/ckeditor5-typing@^37.0.1":
    version "37.0.1"
    resolved "https://registry.npmmirror.com/@ckeditor/ckeditor5-typing/-/ckeditor5-typing-37.0.1.tgz"
    integrity sha512-3IgUlGblj+m0Sr5GKc5gMxVSg3UvKzyJ+uKvNVm34risK1pdNkfXwy7Ws+dhc9xbJITUrri353zvcXmhe7G/uw==
    dependencies:
      "@ckeditor/ckeditor5-core" "^37.0.1"
      "@ckeditor/ckeditor5-engine" "^37.0.1"
      "@ckeditor/ckeditor5-utils" "^37.0.1"
      lodash-es "^4.17.15"
  
  "@ckeditor/ckeditor5-ui@^37.0.1":
    version "37.0.1"
    resolved "https://registry.npmmirror.com/@ckeditor/ckeditor5-ui/-/ckeditor5-ui-37.0.1.tgz"
    integrity sha512-frtSAjwCO1o1XQeYkvXP5vZLGoYmttvXtjJZ0AMzhY0wqxuQsyGgrLrJU4hrIcLJOYYNA1ZHvTQ8fS2Qdk0b8A==
    dependencies:
      "@ckeditor/ckeditor5-core" "^37.0.1"
      "@ckeditor/ckeditor5-utils" "^37.0.1"
      lodash-es "^4.17.15"
  
  "@ckeditor/ckeditor5-undo@^37.0.1":
    version "37.0.1"
    resolved "https://registry.npmmirror.com/@ckeditor/ckeditor5-undo/-/ckeditor5-undo-37.0.1.tgz"
    integrity sha512-L9DS13SznPLD6to6Fs+Br2Ui/yLsgKqkT1GPOdpGen/wkEa1DMLW890VAWhc17Voq/HLuA++TXXLDMRYd5moqg==
    dependencies:
      "@ckeditor/ckeditor5-core" "^37.0.1"
      "@ckeditor/ckeditor5-engine" "^37.0.1"
      "@ckeditor/ckeditor5-ui" "^37.0.1"
  
  "@ckeditor/ckeditor5-upload@^37.0.1":
    version "37.0.1"
    resolved "https://registry.npmmirror.com/@ckeditor/ckeditor5-upload/-/ckeditor5-upload-37.0.1.tgz"
    integrity sha512-TGH4FXxedBeO7QbwLcNDMM74swNtJ5BbkWiyEdryJom7y+AIqfqEg0DYeKJoIyQGe6ldiFU5Wm1VRBWZIDzQiQ==
    dependencies:
      "@ckeditor/ckeditor5-core" "^37.0.1"
      "@ckeditor/ckeditor5-ui" "^37.0.1"
      "@ckeditor/ckeditor5-utils" "^37.0.1"
  
  "@ckeditor/ckeditor5-utils@^37.0.1":
    version "37.0.1"
    resolved "https://registry.npmmirror.com/@ckeditor/ckeditor5-utils/-/ckeditor5-utils-37.0.1.tgz"
    integrity sha512-QMTHVbHNckDG9mCaFNjUhjlosxvyBPQ0fGlCyn9p+kHM7iEfP0a1Y63y9lg3n9bXDRYJ8k9Ms1G7xOZvYTBPNg==
    dependencies:
      lodash-es "^4.17.15"
  
  "@ckeditor/ckeditor5-vue@^5.0.0":
    version "5.0.0"
    resolved "https://registry.npmmirror.com/@ckeditor/ckeditor5-vue/-/ckeditor5-vue-5.0.0.tgz"
    integrity sha512-YMFT4foRC4iln9+0IdTMbzuZ0Fq5LAplcJkoSDaRels7WWAqFlqx8ts7rwezv1jS9M+xFTDCg8HG4F9amtHN8Q==
  
  "@ckeditor/ckeditor5-watchdog@^37.0.1":
    version "37.0.1"
    resolved "https://registry.npmmirror.com/@ckeditor/ckeditor5-watchdog/-/ckeditor5-watchdog-37.0.1.tgz"
    integrity sha512-SWAsA9aDdc1s+24xFMRYJR3EpgWQLT/J0WYS1PdR5kmTA3YoYvIVXq20iPKyvFywiyNXNHQ5HOYJG2zPN0ACJw==
    dependencies:
      lodash-es "^4.17.15"
  
  "@ckeditor/ckeditor5-widget@^37.0.1":
    version "37.0.1"
    resolved "https://registry.npmmirror.com/@ckeditor/ckeditor5-widget/-/ckeditor5-widget-37.0.1.tgz"
    integrity sha512-seoDOhshGk5oG/FbFAux93hZOP9D+Iv3nNPZyYyKy1SOOkQ8Iv4WSQ9thoylLUubce62orVha8pBSxMndwRSaA==
    dependencies:
      "@ckeditor/ckeditor5-core" "^37.0.1"
      "@ckeditor/ckeditor5-engine" "^37.0.1"
      "@ckeditor/ckeditor5-enter" "^37.0.1"
      "@ckeditor/ckeditor5-typing" "^37.0.1"
      "@ckeditor/ckeditor5-ui" "^37.0.1"
      "@ckeditor/ckeditor5-utils" "^37.0.1"
      lodash-es "^4.17.15"
  
  "@jridgewell/gen-mapping@^0.3.0", "@jridgewell/gen-mapping@^0.3.2":
    version "0.3.3"
    resolved "https://registry.npmmirror.com/@jridgewell/gen-mapping/-/gen-mapping-0.3.3.tgz"
    integrity sha512-HLhSWOLRi875zjjMG/r+Nv0oCW8umGb0BgEhyX3dDX3egwZtB8PqLnjz3yedt8R5StBrzcg4aBpnh8UA9D1BoQ==
    dependencies:
      "@jridgewell/set-array" "^1.0.1"
      "@jridgewell/sourcemap-codec" "^1.4.10"
      "@jridgewell/trace-mapping" "^0.3.9"
  
  "@jridgewell/resolve-uri@3.1.0":
    version "3.1.0"
    resolved "https://registry.npmmirror.com/@jridgewell/resolve-uri/-/resolve-uri-3.1.0.tgz"
    integrity sha512-F2msla3tad+Mfht5cJq7LSXcdudKTWCVYUgw6pLFOOHSTtZlj6SWNYAp+AhuqLmWdBO2X5hPrLcu8cVP8fy28w==
  
  "@jridgewell/set-array@^1.0.1":
    version "1.1.2"
    resolved "https://registry.npmmirror.com/@jridgewell/set-array/-/set-array-1.1.2.tgz"
    integrity sha512-xnkseuNADM0gt2bs+BvhO0p78Mk762YnZdsuzFV018NoG1Sj1SCQvpSqa7XUaTam5vAGasABV9qXASMKnFMwMw==
  
  "@jridgewell/source-map@^0.3.2":
    version "0.3.3"
    resolved "https://registry.npmmirror.com/@jridgewell/source-map/-/source-map-0.3.3.tgz"
    integrity sha512-b+fsZXeLYi9fEULmfBrhxn4IrPlINf8fiNarzTof004v3lFdntdwa9PF7vFJqm3mg7s+ScJMxXaE3Acp1irZcg==
    dependencies:
      "@jridgewell/gen-mapping" "^0.3.0"
      "@jridgewell/trace-mapping" "^0.3.9"
  
  "@jridgewell/sourcemap-codec@^1.4.10":
    version "1.4.15"
    resolved "https://registry.npmmirror.com/@jridgewell/sourcemap-codec/-/sourcemap-codec-1.4.15.tgz"
    integrity sha512-eF2rxCRulEKXHTRiDrDy6erMYWqNw4LPdQ8UQA4huuxaQsVeRPFl2oM8oDGxMFhJUWZf9McpLtJasDDZb/Bpeg==
  
  "@jridgewell/sourcemap-codec@1.4.14":
    version "1.4.14"
    resolved "https://registry.npmmirror.com/@jridgewell/sourcemap-codec/-/sourcemap-codec-1.4.14.tgz"
    integrity sha512-XPSJHWmi394fuUuzDnGz1wiKqWfo1yXecHQMRf2l6hztTO+nPru658AyDngaBe7isIxEkRsPR3FZh+s7iVa4Uw==
  
  "@jridgewell/trace-mapping@^0.3.17", "@jridgewell/trace-mapping@^0.3.9":
    version "0.3.18"
    resolved "https://registry.npmmirror.com/@jridgewell/trace-mapping/-/trace-mapping-0.3.18.tgz"
    integrity sha512-w+niJYzMHdd7USdiH2U6869nqhD2nbfZXND5Yp93qIbEmnDNk7PD48o+YchRVpzMU7M6jVCbenTR7PA1FLQ9pA==
    dependencies:
      "@jridgewell/resolve-uri" "3.1.0"
      "@jridgewell/sourcemap-codec" "1.4.14"
  
  "@nodelib/fs.scandir@2.1.5":
    version "2.1.5"
    resolved "https://registry.npmmirror.com/@nodelib/fs.scandir/-/fs.scandir-2.1.5.tgz"
    integrity sha512-vq24Bq3ym5HEQm2NKCr3yXDwjc7vTsEThRDnkp2DK9p1uqLR+DHurm/NOTo0KG7HYHU7eppKZj3MyqYuMBf62g==
    dependencies:
      "@nodelib/fs.stat" "2.0.5"
      run-parallel "^1.1.9"
  
  "@nodelib/fs.stat@^2.0.2", "@nodelib/fs.stat@2.0.5":
    version "2.0.5"
    resolved "https://registry.npmmirror.com/@nodelib/fs.stat/-/fs.stat-2.0.5.tgz"
    integrity sha512-RkhPPp2zrqDAQA/2jNhnztcPAlv64XdhIp7a7454A5ovI7Bukxgt7MX7udwAu3zg1DcpPU0rz3VV1SeaqvY4+A==
  
  "@nodelib/fs.walk@^1.2.3":
    version "1.2.8"
    resolved "https://registry.npmmirror.com/@nodelib/fs.walk/-/fs.walk-1.2.8.tgz"
    integrity sha512-oGB+UxlgWcgQkgwo8GcEGwemoTFt3FIO9ababBmaGwXIoBKZ+GTy0pP185beGg7Llih/NSHSV2XAs1lnznocSg==
    dependencies:
      "@nodelib/fs.scandir" "2.1.5"
      fastq "^1.6.0"
  
  "@types/eslint-scope@^3.7.3":
    version "3.7.4"
    resolved "https://registry.npmmirror.com/@types/eslint-scope/-/eslint-scope-3.7.4.tgz"
    integrity sha512-9K4zoImiZc3HlIp6AVUDE4CWYx22a+lhSZMYNpbjW04+YF0KWj4pJXnEMjdnFTiQibFFmElcsasJXDbdI/EPhA==
    dependencies:
      "@types/eslint" "*"
      "@types/estree" "*"
  
  "@types/eslint@*":
    version "8.37.0"
    resolved "https://registry.npmmirror.com/@types/eslint/-/eslint-8.37.0.tgz"
    integrity sha512-Piet7dG2JBuDIfohBngQ3rCt7MgO9xCO4xIMKxBThCq5PNRB91IjlJ10eJVwfoNtvTErmxLzwBZ7rHZtbOMmFQ==
    dependencies:
      "@types/estree" "*"
      "@types/json-schema" "*"
  
  "@types/estree@*", "@types/estree@^1.0.0":
    version "1.0.0"
    resolved "https://registry.npmmirror.com/@types/estree/-/estree-1.0.0.tgz"
    integrity sha512-WulqXMDUTYAXCjZnk6JtIHPigp55cVtDgDrO2gHRwhyJto21+1zbVCtOYB2L1F9w4qCQ0rOGWBnBe0FNTiEJIQ==
  
  "@types/json-schema@*", "@types/json-schema@^7.0.8":
    version "7.0.11"
    resolved "https://registry.npmmirror.com/@types/json-schema/-/json-schema-7.0.11.tgz"
    integrity sha512-wOuvG1SN4Us4rez+tylwwwCV1psiNVOkJeM3AUWUNWg/jDQY2+HE/444y5gc+jBmRqASOm2Oeh5c1axHobwRKQ==
  
  "@types/node@*", "@types/node@>= 14":
    version "18.15.11"
    resolved "https://registry.npmmirror.com/@types/node/-/node-18.15.11.tgz"
    integrity sha512-E5Kwq2n4SbMzQOn6wnmBjuK9ouqlURrcZDVfbo9ftDDTFt3nk7ZKK4GMOzoYgnpQJKcxwQw+lGaBvvlMo0qN/Q==
  
  "@vitejs/plugin-vue@^3.0.3":
    version "3.2.0"
    resolved "https://registry.npmmirror.com/@vitejs/plugin-vue/-/plugin-vue-3.2.0.tgz"
    integrity sha512-E0tnaL4fr+qkdCNxJ+Xd0yM31UwMkQje76fsDVBBUCoGOUPexu2VDUYHL8P4CwV+zMvWw6nlRw19OnRKmYAJpw==
  
  "@vue/compiler-core@3.2.47":
    version "3.2.47"
    resolved "https://registry.npmmirror.com/@vue/compiler-core/-/compiler-core-3.2.47.tgz"
    integrity sha512-p4D7FDnQb7+YJmO2iPEv0SQNeNzcbHdGByJDsT4lynf63AFkOTFN07HsiRSvjGo0QrxR/o3d0hUyNCUnBU2Tig==
    dependencies:
      "@babel/parser" "^7.16.4"
      "@vue/shared" "3.2.47"
      estree-walker "^2.0.2"
      source-map "^0.6.1"
  
  "@vue/compiler-dom@3.2.47":
    version "3.2.47"
    resolved "https://registry.npmmirror.com/@vue/compiler-dom/-/compiler-dom-3.2.47.tgz"
    integrity sha512-dBBnEHEPoftUiS03a4ggEig74J2YBZ2UIeyfpcRM2tavgMWo4bsEfgCGsu+uJIL/vax9S+JztH8NmQerUo7shQ==
    dependencies:
      "@vue/compiler-core" "3.2.47"
      "@vue/shared" "3.2.47"
  
  "@vue/compiler-sfc@3.2.47":
    version "3.2.47"
    resolved "https://registry.npmmirror.com/@vue/compiler-sfc/-/compiler-sfc-3.2.47.tgz"
    integrity sha512-rog05W+2IFfxjMcFw10tM9+f7i/+FFpZJJ5XHX72NP9eC2uRD+42M3pYcQqDXVYoj74kHMSEdQ/WmCjt8JFksQ==
    dependencies:
      "@babel/parser" "^7.16.4"
      "@vue/compiler-core" "3.2.47"
      "@vue/compiler-dom" "3.2.47"
      "@vue/compiler-ssr" "3.2.47"
      "@vue/reactivity-transform" "3.2.47"
      "@vue/shared" "3.2.47"
      estree-walker "^2.0.2"
      magic-string "^0.25.7"
      postcss "^8.1.10"
      source-map "^0.6.1"
  
  "@vue/compiler-ssr@3.2.47":
    version "3.2.47"
    resolved "https://registry.npmmirror.com/@vue/compiler-ssr/-/compiler-ssr-3.2.47.tgz"
    integrity sha512-wVXC+gszhulcMD8wpxMsqSOpvDZ6xKXSVWkf50Guf/S+28hTAXPDYRTbLQ3EDkOP5Xz/+SY37YiwDquKbJOgZw==
    dependencies:
      "@vue/compiler-dom" "3.2.47"
      "@vue/shared" "3.2.47"
  
  "@vue/devtools-api@^6.0.0-beta.11", "@vue/devtools-api@^6.4.5":
    version "6.5.0"
    resolved "https://registry.npmmirror.com/@vue/devtools-api/-/devtools-api-6.5.0.tgz"
    integrity sha512-o9KfBeaBmCKl10usN4crU53fYtC1r7jJwdGKjPT24t348rHxgfpZ0xL3Xm/gLUYnc0oTp8LAmrxOeLyu6tbk2Q==
  
  "@vue/reactivity-transform@3.2.47":
    version "3.2.47"
    resolved "https://registry.npmmirror.com/@vue/reactivity-transform/-/reactivity-transform-3.2.47.tgz"
    integrity sha512-m8lGXw8rdnPVVIdIFhf0LeQ/ixyHkH5plYuS83yop5n7ggVJU+z5v0zecwEnX7fa7HNLBhh2qngJJkxpwEEmYA==
    dependencies:
      "@babel/parser" "^7.16.4"
      "@vue/compiler-core" "3.2.47"
      "@vue/shared" "3.2.47"
      estree-walker "^2.0.2"
      magic-string "^0.25.7"
  
  "@vue/reactivity@3.2.47":
    version "3.2.47"
    resolved "https://registry.npmmirror.com/@vue/reactivity/-/reactivity-3.2.47.tgz"
    integrity sha512-7khqQ/75oyyg+N/e+iwV6lpy1f5wq759NdlS1fpAhFXa8VeAIKGgk2E/C4VF59lx5b+Ezs5fpp/5WsRYXQiKxQ==
    dependencies:
      "@vue/shared" "3.2.47"
  
  "@vue/runtime-core@3.2.47":
    version "3.2.47"
    resolved "https://registry.npmmirror.com/@vue/runtime-core/-/runtime-core-3.2.47.tgz"
    integrity sha512-RZxbLQIRB/K0ev0K9FXhNbBzT32H9iRtYbaXb0ZIz2usLms/D55dJR2t6cIEUn6vyhS3ALNvNthI+Q95C+NOpA==
    dependencies:
      "@vue/reactivity" "3.2.47"
      "@vue/shared" "3.2.47"
  
  "@vue/runtime-dom@3.2.47":
    version "3.2.47"
    resolved "https://registry.npmmirror.com/@vue/runtime-dom/-/runtime-dom-3.2.47.tgz"
    integrity sha512-ArXrFTjS6TsDei4qwNvgrdmHtD930KgSKGhS5M+j8QxXrDJYLqYw4RRcDy1bz1m1wMmb6j+zGLifdVHtkXA7gA==
    dependencies:
      "@vue/runtime-core" "3.2.47"
      "@vue/shared" "3.2.47"
      csstype "^2.6.8"
  
  "@vue/server-renderer@3.2.47":
    version "3.2.47"
    resolved "https://registry.npmmirror.com/@vue/server-renderer/-/server-renderer-3.2.47.tgz"
    integrity sha512-dN9gc1i8EvmP9RCzvneONXsKfBRgqFeFZLurmHOveL7oH6HiFXJw5OGu294n1nHc/HMgTy6LulU/tv5/A7f/LA==
    dependencies:
      "@vue/compiler-ssr" "3.2.47"
      "@vue/shared" "3.2.47"
  
  "@vue/shared@3.2.47":
    version "3.2.47"
    resolved "https://registry.npmmirror.com/@vue/shared/-/shared-3.2.47.tgz"
    integrity sha512-BHGyyGN3Q97EZx0taMQ+OLNuZcW3d37ZEVmEAyeoA9ERdGvm9Irc/0Fua8SNyOtV1w6BS4q25wbMzJujO9HIfQ==
  
  "@webassemblyjs/ast@1.11.1":
    version "1.11.1"
    resolved "https://registry.npmmirror.com/@webassemblyjs/ast/-/ast-1.11.1.tgz"
    integrity sha512-ukBh14qFLjxTQNTXocdyksN5QdM28S1CxHt2rdskFyL+xFV7VremuBLVbmCePj+URalXBENx/9Lm7lnhihtCSw==
    dependencies:
      "@webassemblyjs/helper-numbers" "1.11.1"
      "@webassemblyjs/helper-wasm-bytecode" "1.11.1"
  
  "@webassemblyjs/floating-point-hex-parser@1.11.1":
    version "1.11.1"
    resolved "https://registry.npmmirror.com/@webassemblyjs/floating-point-hex-parser/-/floating-point-hex-parser-1.11.1.tgz"
    integrity sha512-iGRfyc5Bq+NnNuX8b5hwBrRjzf0ocrJPI6GWFodBFzmFnyvrQ83SHKhmilCU/8Jv67i4GJZBMhEzltxzcNagtQ==
  
  "@webassemblyjs/helper-api-error@1.11.1":
    version "1.11.1"
    resolved "https://registry.npmmirror.com/@webassemblyjs/helper-api-error/-/helper-api-error-1.11.1.tgz"
    integrity sha512-RlhS8CBCXfRUR/cwo2ho9bkheSXG0+NwooXcc3PAILALf2QLdFyj7KGsKRbVc95hZnhnERon4kW/D3SZpp6Tcg==
  
  "@webassemblyjs/helper-buffer@1.11.1":
    version "1.11.1"
    resolved "https://registry.npmmirror.com/@webassemblyjs/helper-buffer/-/helper-buffer-1.11.1.tgz"
    integrity sha512-gwikF65aDNeeXa8JxXa2BAk+REjSyhrNC9ZwdT0f8jc4dQQeDQ7G4m0f2QCLPJiMTTO6wfDmRmj/pW0PsUvIcA==
  
  "@webassemblyjs/helper-numbers@1.11.1":
    version "1.11.1"
    resolved "https://registry.npmmirror.com/@webassemblyjs/helper-numbers/-/helper-numbers-1.11.1.tgz"
    integrity sha512-vDkbxiB8zfnPdNK9Rajcey5C0w+QJugEglN0of+kmO8l7lDb77AnlKYQF7aarZuCrv+l0UvqL+68gSDr3k9LPQ==
    dependencies:
      "@webassemblyjs/floating-point-hex-parser" "1.11.1"
      "@webassemblyjs/helper-api-error" "1.11.1"
      "@xtuc/long" "4.2.2"
  
  "@webassemblyjs/helper-wasm-bytecode@1.11.1":
    version "1.11.1"
    resolved "https://registry.npmmirror.com/@webassemblyjs/helper-wasm-bytecode/-/helper-wasm-bytecode-1.11.1.tgz"
    integrity sha512-PvpoOGiJwXeTrSf/qfudJhwlvDQxFgelbMqtq52WWiXC6Xgg1IREdngmPN3bs4RoO83PnL/nFrxucXj1+BX62Q==
  
  "@webassemblyjs/helper-wasm-section@1.11.1":
    version "1.11.1"
    resolved "https://registry.npmmirror.com/@webassemblyjs/helper-wasm-section/-/helper-wasm-section-1.11.1.tgz"
    integrity sha512-10P9No29rYX1j7F3EVPX3JvGPQPae+AomuSTPiF9eBQeChHI6iqjMIwR9JmOJXwpnn/oVGDk7I5IlskuMwU/pg==
    dependencies:
      "@webassemblyjs/ast" "1.11.1"
      "@webassemblyjs/helper-buffer" "1.11.1"
      "@webassemblyjs/helper-wasm-bytecode" "1.11.1"
      "@webassemblyjs/wasm-gen" "1.11.1"
  
  "@webassemblyjs/ieee754@1.11.1":
    version "1.11.1"
    resolved "https://registry.npmmirror.com/@webassemblyjs/ieee754/-/ieee754-1.11.1.tgz"
    integrity sha512-hJ87QIPtAMKbFq6CGTkZYJivEwZDbQUgYd3qKSadTNOhVY7p+gfP6Sr0lLRVTaG1JjFj+r3YchoqRYxNH3M0GQ==
    dependencies:
      "@xtuc/ieee754" "^1.2.0"
  
  "@webassemblyjs/leb128@1.11.1":
    version "1.11.1"
    resolved "https://registry.npmmirror.com/@webassemblyjs/leb128/-/leb128-1.11.1.tgz"
    integrity sha512-BJ2P0hNZ0u+Th1YZXJpzW6miwqQUGcIHT1G/sf72gLVD9DZ5AdYTqPNbHZh6K1M5VmKvFXwGSWZADz+qBWxeRw==
    dependencies:
      "@xtuc/long" "4.2.2"
  
  "@webassemblyjs/utf8@1.11.1":
    version "1.11.1"
    resolved "https://registry.npmmirror.com/@webassemblyjs/utf8/-/utf8-1.11.1.tgz"
    integrity sha512-9kqcxAEdMhiwQkHpkNiorZzqpGrodQQ2IGrHHxCy+Ozng0ofyMA0lTqiLkVs1uzTRejX+/O0EOT7KxqVPuXosQ==
  
  "@webassemblyjs/wasm-edit@1.11.1":
    version "1.11.1"
    resolved "https://registry.npmmirror.com/@webassemblyjs/wasm-edit/-/wasm-edit-1.11.1.tgz"
    integrity sha512-g+RsupUC1aTHfR8CDgnsVRVZFJqdkFHpsHMfJuWQzWU3tvnLC07UqHICfP+4XyL2tnr1amvl1Sdp06TnYCmVkA==
    dependencies:
      "@webassemblyjs/ast" "1.11.1"
      "@webassemblyjs/helper-buffer" "1.11.1"
      "@webassemblyjs/helper-wasm-bytecode" "1.11.1"
      "@webassemblyjs/helper-wasm-section" "1.11.1"
      "@webassemblyjs/wasm-gen" "1.11.1"
      "@webassemblyjs/wasm-opt" "1.11.1"
      "@webassemblyjs/wasm-parser" "1.11.1"
      "@webassemblyjs/wast-printer" "1.11.1"
  
  "@webassemblyjs/wasm-gen@1.11.1":
    version "1.11.1"
    resolved "https://registry.npmmirror.com/@webassemblyjs/wasm-gen/-/wasm-gen-1.11.1.tgz"
    integrity sha512-F7QqKXwwNlMmsulj6+O7r4mmtAlCWfO/0HdgOxSklZfQcDu0TpLiD1mRt/zF25Bk59FIjEuGAIyn5ei4yMfLhA==
    dependencies:
      "@webassemblyjs/ast" "1.11.1"
      "@webassemblyjs/helper-wasm-bytecode" "1.11.1"
      "@webassemblyjs/ieee754" "1.11.1"
      "@webassemblyjs/leb128" "1.11.1"
      "@webassemblyjs/utf8" "1.11.1"
  
  "@webassemblyjs/wasm-opt@1.11.1":
    version "1.11.1"
    resolved "https://registry.npmmirror.com/@webassemblyjs/wasm-opt/-/wasm-opt-1.11.1.tgz"
    integrity sha512-VqnkNqnZlU5EB64pp1l7hdm3hmQw7Vgqa0KF/KCNO9sIpI6Fk6brDEiX+iCOYrvMuBWDws0NkTOxYEb85XQHHw==
    dependencies:
      "@webassemblyjs/ast" "1.11.1"
      "@webassemblyjs/helper-buffer" "1.11.1"
      "@webassemblyjs/wasm-gen" "1.11.1"
      "@webassemblyjs/wasm-parser" "1.11.1"
  
  "@webassemblyjs/wasm-parser@1.11.1":
    version "1.11.1"
    resolved "https://registry.npmmirror.com/@webassemblyjs/wasm-parser/-/wasm-parser-1.11.1.tgz"
    integrity sha512-rrBujw+dJu32gYB7/Lup6UhdkPx9S9SnobZzRVL7VcBH9Bt9bCBLEuX/YXOOtBsOZ4NQrRykKhffRWHvigQvOA==
    dependencies:
      "@webassemblyjs/ast" "1.11.1"
      "@webassemblyjs/helper-api-error" "1.11.1"
      "@webassemblyjs/helper-wasm-bytecode" "1.11.1"
      "@webassemblyjs/ieee754" "1.11.1"
      "@webassemblyjs/leb128" "1.11.1"
      "@webassemblyjs/utf8" "1.11.1"
  
  "@webassemblyjs/wast-printer@1.11.1":
    version "1.11.1"
    resolved "https://registry.npmmirror.com/@webassemblyjs/wast-printer/-/wast-printer-1.11.1.tgz"
    integrity sha512-IQboUWM4eKzWW+N/jij2sRatKMh99QEelo3Eb2q0qXkvPRISAj8Qxtmw5itwqK+TTkBuUIE45AxYPToqPtL5gg==
    dependencies:
      "@webassemblyjs/ast" "1.11.1"
      "@xtuc/long" "4.2.2"
  
  "@xtuc/ieee754@^1.2.0":
    version "1.2.0"
    resolved "https://registry.npmmirror.com/@xtuc/ieee754/-/ieee754-1.2.0.tgz"
    integrity sha512-DX8nKgqcGwsc0eJSqYt5lwP4DH5FlHnmuWWBRy7X0NcaGR0ZtuyeESgMwTYVEtxmsNGY+qit4QYT/MIYTOTPeA==
  
  "@xtuc/long@4.2.2":
    version "4.2.2"
    resolved "https://registry.npmmirror.com/@xtuc/long/-/long-4.2.2.tgz"
    integrity sha512-NuHqBY1PB/D8xU6s/thBgOAiAP7HOYDQ32+BFZILJ8ivkUkAHQnWfn6WhL79Owj1qmUnoN/YPhktdIoucipkAQ==
  
  acorn-import-assertions@^1.7.6:
    version "1.8.0"
    resolved "https://registry.npmmirror.com/acorn-import-assertions/-/acorn-import-assertions-1.8.0.tgz"
    integrity sha512-m7VZ3jwz4eK6A4Vtt8Ew1/mNbP24u0FhdyfA7fSvnJR6LMdfOYnmuIrrJAgrYfYJ10F/otaHTtrtrtmHdMNzEw==
  
  acorn@^8, acorn@^8.5.0, acorn@^8.7.1:
    version "8.8.2"
    resolved "https://registry.npmmirror.com/acorn/-/acorn-8.8.2.tgz"
    integrity sha512-xjIYgE8HBrkpd/sJqOGNspf8uHG+NOHGOw6a/Urj8taM2EXfdNAH2oFcPeIFfsv3+kz/mJrS5VuMqbNLjCa2vw==
  
  ajv-keywords@^3.5.2:
    version "3.5.2"
    resolved "https://registry.npmmirror.com/ajv-keywords/-/ajv-keywords-3.5.2.tgz"
    integrity sha512-5p6WTN0DdTGVQk6VjcEju19IgaHudalcfabD7yhDGeA6bcQnmL+CpveLJq/3hvfwd1aof6L386Ougkx6RfyMIQ==
  
  ajv@^6.12.5, ajv@^6.9.1:
    version "6.12.6"
    resolved "https://registry.npmmirror.com/ajv/-/ajv-6.12.6.tgz"
    integrity sha512-j3fVLgvTo527anyYyJOGTYJbG+vnnQYvE0m5mmkc1TK+nxAppkCLMIL0aZ4dblVCNoGShhm+kzE4ZUykBoMg4g==
    dependencies:
      fast-deep-equal "^3.1.1"
      fast-json-stable-stringify "^2.0.0"
      json-schema-traverse "^0.4.1"
      uri-js "^4.2.2"
  
  animate.css@^4.1.1:
    version "4.1.1"
    resolved "https://registry.npmmirror.com/animate.css/-/animate.css-4.1.1.tgz"
    integrity sha512-+mRmCTv6SbCmtYJCN4faJMNFVNN5EuCTTprDTAo7YzIGji2KADmakjVA3+8mVDkZ2Bf09vayB35lSQIex2+QaQ==
  
  any-promise@^1.0.0:
    version "1.3.0"
    resolved "https://registry.npmmirror.com/any-promise/-/any-promise-1.3.0.tgz"
    integrity sha512-7UvmKalWRt1wgjL1RrGxoSJW/0QZFIegpeGvZG9kjp8vrRu55XTHbwnqq2GpXm9uLbcuhxm3IqX9OB4MZR1b2A==
  
  anymatch@~3.1.2:
    version "3.1.3"
    resolved "https://registry.npmmirror.com/anymatch/-/anymatch-3.1.3.tgz"
    integrity sha512-KMReFUr0B4t+D+OBkjR3KYqvocp2XaSzO55UcB6mgQMd3KbcE+mWTyvVV7D/zsdEbNnV6acZUutkiHQXvTr1Rw==
    dependencies:
      normalize-path "^3.0.0"
      picomatch "^2.0.4"
  
  arg@^5.0.2:
    version "5.0.2"
    resolved "https://registry.npmmirror.com/arg/-/arg-5.0.2.tgz"
    integrity sha512-PYjyFOLKQ9y57JvQ6QLo8dAgNqswh8M1RMJYdQduT6xbWSgK36P/Z/v+p888pM69jMMfS8Xd8F6I1kQ/I9HUGg==
  
  asynckit@^0.4.0:
    version "0.4.0"
    resolved "https://registry.npmmirror.com/asynckit/-/asynckit-0.4.0.tgz"
    integrity sha512-Oei9OH4tRh0YqU3GxhX79dM/mwVgvbZJaSNaRk+bshkj0S5cfHcgYakreBjrHwatXKbz+IoIdYLxrKim2MjW0Q==
  
  autoprefixer@^10.4.8:
    version "10.4.14"
    resolved "https://registry.npmmirror.com/autoprefixer/-/autoprefixer-10.4.14.tgz"
    integrity sha512-FQzyfOsTlwVzjHxKEqRIAdJx9niO6VCBCoEwax/VLSoQF29ggECcPuBqUMZ+u8jCZOPSy8b8/8KnuFbp0SaFZQ==
    dependencies:
      browserslist "^4.21.5"
      caniuse-lite "^1.0.30001464"
      fraction.js "^4.2.0"
      normalize-range "^0.1.2"
      picocolors "^1.0.0"
      postcss-value-parser "^4.2.0"
  
  axios@*, axios@^0.27.2:
    version "0.27.2"
    resolved "https://registry.npmmirror.com/axios/-/axios-0.27.2.tgz"
    integrity sha512-t+yRIyySRTp/wua5xEr+z1q60QmLq8ABsS5O9Me1AsE5dfKqgnCFzwiCZZ/cGNd1lq4/7akDWMxdhVlucjmnOQ==
    dependencies:
      follow-redirects "^1.14.9"
      form-data "^4.0.0"
  
  balanced-match@^1.0.0:
    version "1.0.2"
    resolved "https://registry.npmmirror.com/balanced-match/-/balanced-match-1.0.2.tgz"
    integrity sha512-3oSeUO0TMV67hN1AmbXsK4yaqU7tjiHlbxRDZOpH0KW9+CeX4bRAaX0Anxt0tx2MrpRpWwQaPwIlISEJhYU5Pw==
  
  big.js@^5.2.2:
    version "5.2.2"
    resolved "https://registry.npmmirror.com/big.js/-/big.js-5.2.2.tgz"
    integrity sha512-vyL2OymJxmarO8gxMr0mhChsO9QGwhynfuu4+MHTAW6czfq9humCB7rKpUjDd9YUiDPU4mzpyupFSvOClAwbmQ==
  
  binary-extensions@^2.0.0:
    version "2.2.0"
    resolved "https://registry.npmmirror.com/binary-extensions/-/binary-extensions-2.2.0.tgz"
    integrity sha512-jDctJ/IVQbZoJykoeHbhXpOlNBqGNcwXJKJog42E5HDPUwQTSdjCHdihjj0DlnheQ7blbT6dHOafNAiS8ooQKA==
  
  brace-expansion@^1.1.7:
    version "1.1.11"
    resolved "https://registry.npmmirror.com/brace-expansion/-/brace-expansion-1.1.11.tgz"
    integrity sha512-iCuPHDFgrHX7H2vEI/5xpz07zSHB00TpugqhmYtVmMO6518mCuRMoOYFldEBl0g187ufozdaHgWKcYFb61qGiA==
    dependencies:
      balanced-match "^1.0.0"
      concat-map "0.0.1"
  
  braces@^3.0.2, braces@~3.0.2:
    version "3.0.2"
    resolved "https://registry.npmmirror.com/braces/-/braces-3.0.2.tgz"
    integrity sha512-b8um+L1RzM3WDSzvhm6gIz1yfTbBt6YTlcEKAvsmqCZZFw46z626lVj9j1yEPW33H5H+lBQpZMP1k8l+78Ha0A==
    dependencies:
      fill-range "^7.0.1"
  
  browserslist@^4.14.5, browserslist@^4.21.5, "browserslist@>= 4.21.0":
    version "4.21.5"
    resolved "https://registry.npmmirror.com/browserslist/-/browserslist-4.21.5.tgz"
    integrity sha512-tUkiguQGW7S3IhB7N+c2MV/HZPSCPAAiYBZXLsBhFB/PCy6ZKKsZrmBayHV9fdGV/ARIfJ14NkxKzRDjvp7L6w==
    dependencies:
      caniuse-lite "^1.0.30001449"
      electron-to-chromium "^1.4.284"
      node-releases "^2.0.8"
      update-browserslist-db "^1.0.10"
  
  buffer-from@^1.0.0:
    version "1.1.2"
    resolved "https://registry.npmmirror.com/buffer-from/-/buffer-from-1.1.2.tgz"
    integrity sha512-E+XQCRwSbaaiChtv6k6Dwgc+bx+Bs6vuKJHHl5kox/BaKbhiXzqQOwK4cO22yElGp2OCmjwVhT3HmxgyPGnJfQ==
  
  camelcase-css@^2.0.1:
    version "2.0.1"
    resolved "https://registry.npmmirror.com/camelcase-css/-/camelcase-css-2.0.1.tgz"
    integrity sha512-QOSvevhslijgYwRx6Rv7zKdMF8lbRmx+uQGx2+vDc+KI/eBnsy9kit5aj23AgGu3pa4t9AgwbnXWqS+iOY+2aA==
  
  caniuse-lite@^1.0.30001449, caniuse-lite@^1.0.30001464:
    version "1.0.30001478"
    resolved "https://registry.npmmirror.com/caniuse-lite/-/caniuse-lite-1.0.30001478.tgz"
    integrity sha512-gMhDyXGItTHipJj2ApIvR+iVB5hd0KP3svMWWXDvZOmjzJJassGLMfxRkQCSYgGd2gtdL/ReeiyvMSFD1Ss6Mw==
  
  chokidar@^3.5.3, "chokidar@>=3.0.0 <4.0.0":
    version "3.5.3"
    resolved "https://registry.npmmirror.com/chokidar/-/chokidar-3.5.3.tgz"
    integrity sha512-Dr3sfKRP6oTcjf2JmUmFJfeVMvXBdegxB0iVQ5eb2V10uFJUCAS8OByZdVAyVb8xXNz3GjjTgj9kLWsZTqE6kw==
    dependencies:
      anymatch "~3.1.2"
      braces "~3.0.2"
      glob-parent "~5.1.2"
      is-binary-path "~2.1.0"
      is-glob "~4.0.1"
      normalize-path "~3.0.0"
      readdirp "~3.6.0"
    optionalDependencies:
      fsevents "~2.3.2"
  
  chrome-trace-event@^1.0.2:
    version "1.0.3"
    resolved "https://registry.npmmirror.com/chrome-trace-event/-/chrome-trace-event-1.0.3.tgz"
    integrity sha512-p3KULyQg4S7NIHixdwbGX+nFHkoBiA4YQmyWtjb8XngSKV124nJmRysgAeujbUVb15vh+RvFUfCPqU7rXk+hZg==
  
  ckeditor5@^37.0.1:
    version "37.0.1"
    resolved "https://registry.npmmirror.com/ckeditor5/-/ckeditor5-37.0.1.tgz"
    integrity sha512-R/yuGQ0TBH+ZeCpglhH4LafAcEs5qKlvKEAhumrVJkkEzuWC/nyvOW+5IvSmBvtzghQ1ostxtNyEMQB3/HcwhA==
    dependencies:
      "@ckeditor/ckeditor5-clipboard" "^37.0.1"
      "@ckeditor/ckeditor5-core" "^37.0.1"
      "@ckeditor/ckeditor5-engine" "^37.0.1"
      "@ckeditor/ckeditor5-enter" "^37.0.1"
      "@ckeditor/ckeditor5-paragraph" "^37.0.1"
      "@ckeditor/ckeditor5-select-all" "^37.0.1"
      "@ckeditor/ckeditor5-typing" "^37.0.1"
      "@ckeditor/ckeditor5-ui" "^37.0.1"
      "@ckeditor/ckeditor5-undo" "^37.0.1"
      "@ckeditor/ckeditor5-upload" "^37.0.1"
      "@ckeditor/ckeditor5-utils" "^37.0.1"
      "@ckeditor/ckeditor5-watchdog" "^37.0.1"
      "@ckeditor/ckeditor5-widget" "^37.0.1"
  
  clipboard@^2.0.6:
    version "2.0.11"
    resolved "https://registry.npmmirror.com/clipboard/-/clipboard-2.0.11.tgz"
    integrity sha512-C+0bbOqkezLIsmWSvlsXS0Q0bmkugu7jcfMIACB+RDEntIzQIkdr148we28AfSloQLRdZlYL/QYyrq05j/3Faw==
    dependencies:
      good-listener "^1.2.2"
      select "^1.1.2"
      tiny-emitter "^2.0.0"
  
  color-name@^1.1.4:
    version "1.1.4"
    resolved "https://registry.npmmirror.com/color-name/-/color-name-1.1.4.tgz"
    integrity sha512-dOy+3AuW3a2wNbZHIuMZpTcgjGuLU/uBL/ubcZF9OXbDo8ff4O8yVp5Bf0efS8uEoYo5q4Fx7dY9OgQGXgAsQA==
  
  combined-stream@^1.0.8:
    version "1.0.8"
    resolved "https://registry.npmmirror.com/combined-stream/-/combined-stream-1.0.8.tgz"
    integrity sha512-FQN4MRfuJeHf7cBbBMJFXhKSDq+2kAArBlmRBvcvFE5BB1HZKXtSFASDhdlz9zOYwxh8lDdnvmMOe/+5cdoEdg==
    dependencies:
      delayed-stream "~1.0.0"
  
  commander@^2.20.0:
    version "2.20.3"
    resolved "https://registry.npmmirror.com/commander/-/commander-2.20.3.tgz"
    integrity sha512-GpVkmM8vF2vQUkj2LvZmD35JxeJOLCwJ9cUkugyk2nuhbv3+mJvpLYYt+0+USMxE+oj+ey/lJEnhZw75x/OMcQ==
  
  commander@^4.0.0:
    version "4.1.1"
    resolved "https://registry.npmmirror.com/commander/-/commander-4.1.1.tgz"
    integrity sha512-NOKm8xhkzAjzFx8B2v5OAHT+u5pRQc2UCa2Vq9jYL/31o2wi9mxBA7LIFs3sV5VSC49z6pEhfbMULvShKj26WA==
  
  concat-map@0.0.1:
    version "0.0.1"
    resolved "https://registry.npmmirror.com/concat-map/-/concat-map-0.0.1.tgz"
    integrity sha512-/Srv4dswyQNBfohGpz9o6Yb3Gz3SrUDqBH5rTuhGR7ahtlbYKnVxw2bCFMRljaA7EXHaXZ8wsHdodFvbkhKmqg==
  
  copy-anything@^2.0.1:
    version "2.0.6"
    resolved "https://registry.npmmirror.com/copy-anything/-/copy-anything-2.0.6.tgz"
    integrity sha512-1j20GZTsvKNkc4BY3NpMOM8tt///wY3FpIzozTOFO2ffuZcV61nojHXVKIy3WM+7ADCy5FVhdZYHYDdgTU0yJw==
    dependencies:
      is-what "^3.14.1"
  
  css-loader@^5.2.7:
    version "5.2.7"
    resolved "https://registry.npmmirror.com/css-loader/-/css-loader-5.2.7.tgz"
    integrity sha512-Q7mOvpBNBG7YrVGMxRxcBJZFL75o+cH2abNASdibkj/fffYD8qWbInZrD0S9ccI6vZclF3DsHE7njGlLtaHbhg==
    dependencies:
      icss-utils "^5.1.0"
      loader-utils "^2.0.0"
      postcss "^8.2.15"
      postcss-modules-extract-imports "^3.0.0"
      postcss-modules-local-by-default "^4.0.0"
      postcss-modules-scope "^3.0.0"
      postcss-modules-values "^4.0.0"
      postcss-value-parser "^4.1.0"
      schema-utils "^3.0.0"
      semver "^7.3.5"
  
  cssesc@^3.0.0:
    version "3.0.0"
    resolved "https://registry.npmmirror.com/cssesc/-/cssesc-3.0.0.tgz"
    integrity sha512-/Tb/JcjK111nNScGob5MNtsntNM1aCNUDipB/TkwZFhyDrrE47SOx/18wF2bbjgc3ZzCSKW1T5nt5EbFoAz/Vg==
  
  csstype@^2.6.8:
    version "2.6.21"
    resolved "https://registry.npmmirror.com/csstype/-/csstype-2.6.21.tgz"
    integrity sha512-Z1PhmomIfypOpoMjRQB70jfvy/wxT50qW08YXO5lMIJkrdq4yOTR+AW7FqutScmB9NkLwxo+jU+kZLbofZZq/w==
  
  debug@^3.2.6:
    version "3.2.7"
    resolved "https://registry.npmmirror.com/debug/-/debug-3.2.7.tgz"
    integrity sha512-CFjzYYAi4ThfiQvizrFQevTTXHtnCqWfe7x1AhgEscTz6ZbLbfoLRLPugTQyBth6f8ZERVUSyWHFD/7Wu4t1XQ==
    dependencies:
      ms "^2.1.1"
  
  delayed-stream@~1.0.0:
    version "1.0.0"
    resolved "https://registry.npmmirror.com/delayed-stream/-/delayed-stream-1.0.0.tgz"
    integrity sha512-ZySD7Nf91aLB0RxL4KGrKHBXl7Eds1DAmEdcoVawXnLD7SDhpNgtuII2aAkg7a7QS41jxPSZ17p4VdGnMHk3MQ==
  
  delegate@^3.1.2:
    version "3.2.0"
    resolved "https://registry.npmmirror.com/delegate/-/delegate-3.2.0.tgz"
    integrity sha512-IofjkYBZaZivn0V8nnsMJGBr4jVLxHDheKSW88PyxS5QC4Vo9ZbZVvhzlSxY87fVq3STR6r+4cGepyHkcWOQSw==
  
  didyoumean@^1.2.2:
    version "1.2.2"
    resolved "https://registry.npmmirror.com/didyoumean/-/didyoumean-1.2.2.tgz"
    integrity sha512-gxtyfqMg7GKyhQmb056K7M3xszy/myH8w+B4RT+QXBQsvAOdc3XymqDDPHx1BgPgsdAA5SIifona89YtRATDzw==
  
  dlv@^1.1.3:
    version "1.1.3"
    resolved "https://registry.npmmirror.com/dlv/-/dlv-1.1.3.tgz"
    integrity sha512-+HlytyjlPKnIG8XuRG8WvmBP8xs8P71y+SKKS6ZXWoEgLuePxtDoUEiH7WkdePWrQ5JBpE6aoVqfZfJUQkjXwA==
  
  echarts@^5.4.0:
    version "5.4.2"
    resolved "https://registry.npmmirror.com/echarts/-/echarts-5.4.2.tgz"
    integrity sha512-2W3vw3oI2tWJdyAz+b8DuWS0nfXtSDqlDmqgin/lfzbkB01cuMEN66KWBlmur3YMp5nEDEEt5s23pllnAzB4EA==
    dependencies:
      tslib "2.3.0"
      zrender "5.4.3"
  
  electron-to-chromium@^1.4.284:
    version "1.4.360"
    resolved "https://registry.npmmirror.com/electron-to-chromium/-/electron-to-chromium-1.4.360.tgz"
    integrity sha512-EP/jdF15S+l3iSSzgUpUqeazvkbVFXNuVxwwLMVUSie3lUeH1HH70gKe0IS7TASB/0h5QPG2bLMzv2jelSztIQ==
  
  emojis-list@^3.0.0:
    version "3.0.0"
    resolved "https://registry.npmmirror.com/emojis-list/-/emojis-list-3.0.0.tgz"
    integrity sha512-/kyM18EfinwXZbno9FyUGeFh87KC8HRQBQGildHZbEuRyWFOmv1U10o9BBp8XVZDVNNuQKyIGIu5ZYAAXJ0V2Q==
  
  enhanced-resolve@^5.10.0:
    version "5.12.0"
    resolved "https://registry.npmmirror.com/enhanced-resolve/-/enhanced-resolve-5.12.0.tgz"
    integrity sha512-QHTXI/sZQmko1cbDoNAa3mJ5qhWUUNAq3vR0/YiD379fWQrcfuoX1+HW2S0MTt7XmoPLapdaDKUtelUSPic7hQ==
    dependencies:
      graceful-fs "^4.2.4"
      tapable "^2.2.0"
  
  errno@^0.1.1:
    version "0.1.8"
    resolved "https://registry.npmmirror.com/errno/-/errno-0.1.8.tgz"
    integrity sha512-dJ6oBr5SQ1VSd9qkk7ByRgb/1SH4JZjCHSW/mr63/QcXO9zLVxvJ6Oy13nio03rxpSnVDDjFor75SjVeZWPW/A==
    dependencies:
      prr "~1.0.1"
  
  es-module-lexer@^1.2.1:
    version "1.2.1"
    resolved "https://registry.npmmirror.com/es-module-lexer/-/es-module-lexer-1.2.1.tgz"
    integrity sha512-9978wrXM50Y4rTMmW5kXIC09ZdXQZqkE4mxhwkd8VbzsGkXGPgV4zWuqQJgCEzYngdo2dYDa0l8xhX4fkSwJSg==
  
  esbuild-windows-64@0.15.18:
    version "0.15.18"
    resolved "https://registry.npmmirror.com/esbuild-windows-64/-/esbuild-windows-64-0.15.18.tgz"
    integrity sha512-qinug1iTTaIIrCorAUjR0fcBk24fjzEedFYhhispP8Oc7SFvs+XeW3YpAKiKp8dRpizl4YYAhxMjlftAMJiaUw==
  
  esbuild@^0.15.9:
    version "0.15.18"
    resolved "https://registry.npmmirror.com/esbuild/-/esbuild-0.15.18.tgz"
    integrity sha512-x/R72SmW3sSFRm5zrrIjAhCeQSAWoni3CmHEqfQrZIQTM3lVCdehdwuIqaOtfC2slvpdlLa62GYoN8SxT23m6Q==
    optionalDependencies:
      "@esbuild/android-arm" "0.15.18"
      "@esbuild/linux-loong64" "0.15.18"
      esbuild-android-64 "0.15.18"
      esbuild-android-arm64 "0.15.18"
      esbuild-darwin-64 "0.15.18"
      esbuild-darwin-arm64 "0.15.18"
      esbuild-freebsd-64 "0.15.18"
      esbuild-freebsd-arm64 "0.15.18"
      esbuild-linux-32 "0.15.18"
      esbuild-linux-64 "0.15.18"
      esbuild-linux-arm "0.15.18"
      esbuild-linux-arm64 "0.15.18"
      esbuild-linux-mips64le "0.15.18"
      esbuild-linux-ppc64le "0.15.18"
      esbuild-linux-riscv64 "0.15.18"
      esbuild-linux-s390x "0.15.18"
      esbuild-netbsd-64 "0.15.18"
      esbuild-openbsd-64 "0.15.18"
      esbuild-sunos-64 "0.15.18"
      esbuild-windows-32 "0.15.18"
      esbuild-windows-64 "0.15.18"
      esbuild-windows-arm64 "0.15.18"
  
  escalade@^3.1.1:
    version "3.1.1"
    resolved "https://registry.npmmirror.com/escalade/-/escalade-3.1.1.tgz"
    integrity sha512-k0er2gUkLf8O0zKJiAhmkTnJlTvINGv7ygDNPbeIsX/TJjGJZHuh9B2UxbsaEkmlEo9MfhrSzmhIlhRlI2GXnw==
  
  eslint-scope@5.1.1:
    version "5.1.1"
    resolved "https://registry.npmmirror.com/eslint-scope/-/eslint-scope-5.1.1.tgz"
    integrity sha512-2NxwbF/hZ0KpepYN0cNbo+FN6XoK7GaHlQhgx/hIZl6Va0bF45RQOOwhLIy8lQDbuCiadSLCBnH2CFYquit5bw==
    dependencies:
      esrecurse "^4.3.0"
      estraverse "^4.1.1"
  
  esrecurse@^4.3.0:
    version "4.3.0"
    resolved "https://registry.npmmirror.com/esrecurse/-/esrecurse-4.3.0.tgz"
    integrity sha512-KmfKL3b6G+RXvP8N1vr3Tq1kL/oCFgn2NYXEtqP8/L3pKapUA4G8cFVaoF3SU323CD4XypR/ffioHmkti6/Tag==
    dependencies:
      estraverse "^5.2.0"
  
  estraverse@^4.1.1:
    version "4.3.0"
    resolved "https://registry.npmmirror.com/estraverse/-/estraverse-4.3.0.tgz"
    integrity sha512-39nnKffWz8xN1BU/2c79n9nB9HDzo0niYUqx6xyqUnyoAnQyyWpOTdZEeiCch8BBu515t4wp9ZmgVfVhn9EBpw==
  
  estraverse@^5.2.0:
    version "5.3.0"
    resolved "https://registry.npmmirror.com/estraverse/-/estraverse-5.3.0.tgz"
    integrity sha512-MMdARuVEQziNTeJD8DgMqmhwR11BRQ/cBP+pLtYdSTnf3MIO8fFeiINEbX36ZdNlfU/7A9f3gUw49B3oQsvwBA==
  
  estree-walker@^2.0.2:
    version "2.0.2"
    resolved "https://registry.npmmirror.com/estree-walker/-/estree-walker-2.0.2.tgz"
    integrity sha512-Rfkk/Mp/DL7JVje3u18FxFujQlTNR2q6QfMSMB7AvCBx91NGj/ba3kCfza0f6dVDbw7YlRf/nDrn7pQrCCyQ/w==
  
  events@^3.2.0:
    version "3.3.0"
    resolved "https://registry.npmmirror.com/events/-/events-3.3.0.tgz"
    integrity sha512-mQw+2fkQbALzQ7V0MY0IqdnXNOeTtP4r0lN9z7AAawCXgqea7bDii20AYrIBrFd/Hx0M2Ocz6S111CaFkUcb0Q==
  
  fast-deep-equal@^3.1.1:
    version "3.1.3"
    resolved "https://registry.npmmirror.com/fast-deep-equal/-/fast-deep-equal-3.1.3.tgz"
    integrity sha512-f3qQ9oQy9j2AhBe/H9VC91wLmKBCCU/gDOnKNAYG5hswO7BLKj09Hc5HYNz9cGI++xlpDCIgDaitVs03ATR84Q==
  
  fast-glob@^3.2.12:
    version "3.2.12"
    resolved "https://registry.npmmirror.com/fast-glob/-/fast-glob-3.2.12.tgz"
    integrity sha512-DVj4CQIYYow0BlaelwK1pHl5n5cRSJfM60UA0zK891sVInoPri2Ekj7+e1CT3/3qxXenpI+nBBmQAcJPJgaj4w==
    dependencies:
      "@nodelib/fs.stat" "^2.0.2"
      "@nodelib/fs.walk" "^1.2.3"
      glob-parent "^5.1.2"
      merge2 "^1.3.0"
      micromatch "^4.0.4"
  
  fast-json-stable-stringify@^2.0.0:
    version "2.1.0"
    resolved "https://registry.npmmirror.com/fast-json-stable-stringify/-/fast-json-stable-stringify-2.1.0.tgz"
    integrity sha512-lhd/wF+Lk98HZoTCtlVraHtfh5XYijIjalXck7saUtuanSDyLMxnHhSXEDJqHxD7msR8D0uCmqlkwjCV8xvwHw==
  
  fastq@^1.6.0:
    version "1.15.0"
    resolved "https://registry.npmmirror.com/fastq/-/fastq-1.15.0.tgz"
    integrity sha512-wBrocU2LCXXa+lWBt8RoIRD89Fi8OdABODa/kEnyeyjS5aZO5/GNvI5sEINADqP/h8M29UHTHUb53sUu5Ihqdw==
    dependencies:
      reusify "^1.0.4"
  
  fill-range@^7.0.1:
    version "7.0.1"
    resolved "https://registry.npmmirror.com/fill-range/-/fill-range-7.0.1.tgz"
    integrity sha512-qOo9F+dMUmC2Lcb4BbVvnKJxTPjCm+RRpe4gDuGrzkL7mEVl/djYSu2OdQ2Pa302N4oqkSg9ir6jaLWJ2USVpQ==
    dependencies:
      to-regex-range "^5.0.1"
  
  follow-redirects@^1.14.9:
    version "1.15.2"
    resolved "https://registry.npmmirror.com/follow-redirects/-/follow-redirects-1.15.2.tgz"
    integrity sha512-VQLG33o04KaQ8uYi2tVNbdrWp1QWxNNea+nmIB4EVM28v0hmP17z7aG1+wAkNzVq4KeXTq3221ye5qTJP91JwA==
  
  form-data@^4.0.0:
    version "4.0.0"
    resolved "https://registry.npmmirror.com/form-data/-/form-data-4.0.0.tgz"
    integrity sha512-ETEklSGi5t0QMZuiXoA/Q6vcnxcLQP5vdugSpuAyi6SVGi2clPPp+xgEhuMaHC+zGgn31Kd235W35f7Hykkaww==
    dependencies:
      asynckit "^0.4.0"
      combined-stream "^1.0.8"
      mime-types "^2.1.12"
  
  fraction.js@^4.2.0:
    version "4.2.0"
    resolved "https://registry.npmmirror.com/fraction.js/-/fraction.js-4.2.0.tgz"
    integrity sha512-MhLuK+2gUcnZe8ZHlaaINnQLl0xRIGRfcGk2yl8xoQAfHrSsL3rYu6FCmBdkdbhc9EPlwyGHewaRsvwRMJtAlA==
  
  fs.realpath@^1.0.0:
    version "1.0.0"
    resolved "https://registry.npmmirror.com/fs.realpath/-/fs.realpath-1.0.0.tgz"
    integrity sha512-OO0pH2lK6a0hZnAdau5ItzHPI6pUlvI7jMVnxUQRtw4owF2wk8lOSabtGDCTP4Ggrg2MbGnWO9X8K1t4+fGMDw==
  
  function-bind@^1.1.1:
    version "1.1.1"
    resolved "https://registry.npmmirror.com/function-bind/-/function-bind-1.1.1.tgz"
    integrity sha512-yIovAzMX49sF8Yl58fSCWJ5svSLuaibPxXQJFLmBObTuCr0Mf1KiPopGM9NiFjiYBCbfaa2Fh6breQ6ANVTI0A==
  
  glob-parent@^5.1.2, glob-parent@~5.1.2:
    version "5.1.2"
    resolved "https://registry.npmmirror.com/glob-parent/-/glob-parent-5.1.2.tgz"
    integrity sha512-AOIgSQCepiJYwP3ARnGx+5VnTu2HBYdzbGP45eLw1vr3zB3vZLeyed1sC9hnbcOc9/SrMyM5RPQrkGz4aS9Zow==
    dependencies:
      is-glob "^4.0.1"
  
  glob-parent@^6.0.2:
    version "6.0.2"
    resolved "https://registry.npmmirror.com/glob-parent/-/glob-parent-6.0.2.tgz"
    integrity sha512-XxwI8EOhVQgWp6iDL+3b0r86f4d6AX6zSU55HfB4ydCEuXLXc5FcYeOu+nnGftS4TEju/11rt4KJPTMgbfmv4A==
    dependencies:
      is-glob "^4.0.3"
  
  glob-to-regexp@^0.4.1:
    version "0.4.1"
    resolved "https://registry.npmmirror.com/glob-to-regexp/-/glob-to-regexp-0.4.1.tgz"
    integrity sha512-lkX1HJXwyMcprw/5YUZc2s7DrpAiHB21/V+E1rHUrVNokkvB6bqMzT0VfV6/86ZNabt1k14YOIaT7nDvOX3Iiw==
  
  glob@7.1.6:
    version "7.1.6"
    resolved "https://registry.npmmirror.com/glob/-/glob-7.1.6.tgz"
    integrity sha512-LwaxwyZ72Lk7vZINtNNrywX0ZuLyStrdDtabefZKAY5ZGJhVtgdznluResxNmPitE0SAO+O26sWTHeKSI2wMBA==
    dependencies:
      fs.realpath "^1.0.0"
      inflight "^1.0.4"
      inherits "2"
      minimatch "^3.0.4"
      once "^1.3.0"
      path-is-absolute "^1.0.0"
  
  good-listener@^1.2.2:
    version "1.2.2"
    resolved "https://registry.npmmirror.com/good-listener/-/good-listener-1.2.2.tgz"
    integrity sha512-goW1b+d9q/HIwbVYZzZ6SsTr4IgE+WA44A0GmPIQstuOrgsFcT7VEJ48nmr9GaRtNu0XTKacFLGnBPAM6Afouw==
    dependencies:
      delegate "^3.1.2"
  
  graceful-fs@^4.1.2, graceful-fs@^4.2.4, graceful-fs@^4.2.9:
    version "4.2.11"
    resolved "https://registry.npmmirror.com/graceful-fs/-/graceful-fs-4.2.11.tgz"
    integrity sha512-RbJ5/jmFcNNCcDV5o9eTnBLJ/HszWV0P73bc+Ff4nS/rJj+YaS6IGyiOL0VoBYX+l1Wrl3k63h/KrH+nhJ0XvQ==
  
  has-flag@^4.0.0:
    version "4.0.0"
    resolved "https://registry.npmmirror.com/has-flag/-/has-flag-4.0.0.tgz"
    integrity sha512-EykJT/Q1KjTWctppgIAgfSO0tKVuZUjhgMr17kqTumMl6Afv3EISleU7qZUzoXDFTAHTDC4NOoG/ZxU3EvlMPQ==
  
  has@^1.0.3:
    version "1.0.3"
    resolved "https://registry.npmmirror.com/has/-/has-1.0.3.tgz"
    integrity sha512-f2dvO0VU6Oej7RkWJGrehjbzMAjFp5/VKPp5tTpWIV4JHHZK1/BxbFRtf/siA2SWTe09caDmVtYYzWEIbBS4zw==
    dependencies:
      function-bind "^1.1.1"
  
  iconv-lite@^0.6.3:
    version "0.6.3"
    resolved "https://registry.npmmirror.com/iconv-lite/-/iconv-lite-0.6.3.tgz"
    integrity sha512-4fCk79wshMdzMp2rH06qWrJE4iolqLhCUH+OiuIgU++RB0+94NlDL81atO7GX55uUKueo0txHNtvEyI6D7WdMw==
    dependencies:
      safer-buffer ">= 2.1.2 < 3.0.0"
  
  icss-utils@^5.0.0, icss-utils@^5.1.0:
    version "5.1.0"
    resolved "https://registry.npmmirror.com/icss-utils/-/icss-utils-5.1.0.tgz"
    integrity sha512-soFhflCVWLfRNOPU3iv5Z9VUdT44xFRbzjLsEzSr5AQmgqPMTHdU3PMT1Cf1ssx8fLNJDA1juftYl+PUcv3MqA==
  
  image-size@~0.5.0:
    version "0.5.5"
    resolved "https://registry.npmmirror.com/image-size/-/image-size-0.5.5.tgz"
    integrity sha512-6TDAlDPZxUFCv+fuOkIoXT/V/f3Qbq8e37p+YOiYrUv3v9cc3/6x78VdfPgFVaB9dZYeLUfKgHRebpkm/oP2VQ==
  
  immutable@^4.0.0:
    version "4.3.0"
    resolved "https://registry.npmmirror.com/immutable/-/immutable-4.3.0.tgz"
    integrity sha512-0AOCmOip+xgJwEVTQj1EfiDDOkPmuyllDuTuEX+DDXUgapLAsBIfkg3sxCYyCEA8mQqZrrxPUGjcOQ2JS3WLkg==
  
  inflight@^1.0.4:
    version "1.0.6"
    resolved "https://registry.npmmirror.com/inflight/-/inflight-1.0.6.tgz"
    integrity sha512-k92I/b08q4wvFscXCLvqfsHCrjrF7yiXsQuIVvVE7N82W3+aqpzuUdBbfhWcy/FZR3/4IgflMgKLOsvPDrGCJA==
    dependencies:
      once "^1.3.0"
      wrappy "1"
  
  inherits@2:
    version "2.0.4"
    resolved "https://registry.npmmirror.com/inherits/-/inherits-2.0.4.tgz"
    integrity sha512-k/vGaX4/Yla3WzyMCvTQOXYeIHvqOKtnqBduzTHpzpQZzAskKMhZ2K+EnBiSM9zGSoIFeMpXKxa4dYeZIQqewQ==
  
  is-binary-path@~2.1.0:
    version "2.1.0"
    resolved "https://registry.npmmirror.com/is-binary-path/-/is-binary-path-2.1.0.tgz"
    integrity sha512-ZMERYes6pDydyuGidse7OsHxtbI7WVeUEozgR/g7rd0xUimYNlvZRE/K2MgZTjWy725IfelLeVcEM97mmtRGXw==
    dependencies:
      binary-extensions "^2.0.0"
  
  is-core-module@^2.11.0:
    version "2.12.0"
    resolved "https://registry.npmmirror.com/is-core-module/-/is-core-module-2.12.0.tgz"
    integrity sha512-RECHCBCd/viahWmwj6enj19sKbHfJrddi/6cBDsNTKbNq0f7VeaUkBo60BqzvPqo/W54ChS62Z5qyun7cfOMqQ==
    dependencies:
      has "^1.0.3"
  
  is-extglob@^2.1.1:
    version "2.1.1"
    resolved "https://registry.npmmirror.com/is-extglob/-/is-extglob-2.1.1.tgz"
    integrity sha512-SbKbANkN603Vi4jEZv49LeVJMn4yGwsbzZworEoyEiutsN3nJYdbO36zfhGJ6QEDpOZIFkDtnq5JRxmvl3jsoQ==
  
  is-glob@^4.0.1, is-glob@^4.0.3, is-glob@~4.0.1:
    version "4.0.3"
    resolved "https://registry.npmmirror.com/is-glob/-/is-glob-4.0.3.tgz"
    integrity sha512-xelSayHH36ZgE7ZWhli7pW34hNbNl8Ojv5KVmkJD4hBdD3th8Tfk9vYasLM+mXWOZhFkgZfxhLSnrwRr4elSSg==
    dependencies:
      is-extglob "^2.1.1"
  
  is-number@^7.0.0:
    version "7.0.0"
    resolved "https://registry.npmmirror.com/is-number/-/is-number-7.0.0.tgz"
    integrity sha512-41Cifkg6e8TylSpdtTpeLVMqvSBEVzTttHvERD741+pnZ8ANv0004MRL43QKPDlK9cGvNp6NZWZUBlbGXYxxng==
  
  is-what@^3.14.1:
    version "3.14.1"
    resolved "https://registry.npmmirror.com/is-what/-/is-what-3.14.1.tgz"
    integrity sha512-sNxgpk9793nzSs7bA6JQJGeIuRBQhAaNGG77kzYQgMkrID+lS6SlK07K5LaptscDlSaIgH+GPFzf+d75FVxozA==
  
  jest-worker@^27.4.5:
    version "27.5.1"
    resolved "https://registry.npmmirror.com/jest-worker/-/jest-worker-27.5.1.tgz"
    integrity sha512-7vuh85V5cdDofPyxn58nrPjBktZo0u9x1g8WtjQol+jZDaE+fhN+cIvTj11GndBnMnyfrUOG1sZQxCdjKh+DKg==
    dependencies:
      "@types/node" "*"
      merge-stream "^2.0.0"
      supports-color "^8.0.0"
  
  jiti@^1.17.2:
    version "1.18.2"
    resolved "https://registry.npmmirror.com/jiti/-/jiti-1.18.2.tgz"
    integrity sha512-QAdOptna2NYiSSpv0O/BwoHBSmz4YhpzJHyi+fnMRTXFjp7B8i/YG5Z8IfusxB1ufjcD2Sre1F3R+nX3fvy7gg==
  
  json-parse-even-better-errors@^2.3.1:
    version "2.3.1"
    resolved "https://registry.npmmirror.com/json-parse-even-better-errors/-/json-parse-even-better-errors-2.3.1.tgz"
    integrity sha512-xyFwyhro/JEof6Ghe2iz2NcXoj2sloNsWr/XsERDK/oiPCfaNhl5ONfp+jQdAZRQQ0IJWNzH9zIZF7li91kh2w==
  
  json-schema-traverse@^0.4.1:
    version "0.4.1"
    resolved "https://registry.npmmirror.com/json-schema-traverse/-/json-schema-traverse-0.4.1.tgz"
    integrity sha512-xbbCH5dCYU5T8LcEhhuh7HJ88HXuW3qsI3Y0zOZFKfZEHcpWiHU/Jxzk629Brsab/mMiHQti9wMP+845RPe3Vg==
  
  json5@^2.1.2:
    version "2.2.3"
    resolved "https://registry.npmmirror.com/json5/-/json5-2.2.3.tgz"
    integrity sha512-XmOWe7eyHYH14cLdVPoyg+GOH3rYX++KpzrylJwSW98t3Nk+U8XOl8FWKOgwtzdb8lXGf6zYwDUzeHMWfxasyg==
  
  less@*, less@^4.1.3:
    version "4.1.3"
    resolved "https://registry.npmmirror.com/less/-/less-4.1.3.tgz"
    integrity sha512-w16Xk/Ta9Hhyei0Gpz9m7VS8F28nieJaL/VyShID7cYvP6IL5oHeL6p4TXSDJqZE/lNv0oJ2pGVjJsRkfwm5FA==
    dependencies:
      copy-anything "^2.0.1"
      parse-node-version "^1.0.1"
      tslib "^2.3.0"
    optionalDependencies:
      errno "^0.1.1"
      graceful-fs "^4.1.2"
      image-size "~0.5.0"
      make-dir "^2.1.0"
      mime "^1.4.1"
      needle "^3.1.0"
      source-map "~0.6.0"
  
  lilconfig@^2.0.5, lilconfig@^2.0.6:
    version "2.1.0"
    resolved "https://registry.npmmirror.com/lilconfig/-/lilconfig-2.1.0.tgz"
    integrity sha512-utWOt/GHzuUxnLKxB6dk81RoOeoNeHgbrXiuGk4yyF5qlRz+iIVWu56E2fqGHFrXz0QNUhLB/8nKqvRH66JKGQ==
  
  lines-and-columns@^1.1.6:
    version "1.2.4"
    resolved "https://registry.npmmirror.com/lines-and-columns/-/lines-and-columns-1.2.4.tgz"
    integrity sha512-7ylylesZQ/PV29jhEDl3Ufjo6ZX7gCqJr5F7PKrqc93v7fzSymt1BpwEU8nAUXs8qzzvqhbjhK5QZg6Mt/HkBg==
  
  loader-runner@^4.2.0:
    version "4.3.0"
    resolved "https://registry.npmmirror.com/loader-runner/-/loader-runner-4.3.0.tgz"
    integrity sha512-3R/1M+yS3j5ou80Me59j7F9IMs4PXs3VqRrm0TU3AbKPxlmpoY1TNscJV/oGJXo8qCatFGTfDbY6W6ipGOYXfg==
  
  loader-utils@^2.0.0:
    version "2.0.4"
    resolved "https://registry.npmmirror.com/loader-utils/-/loader-utils-2.0.4.tgz"
    integrity sha512-xXqpXoINfFhgua9xiqD8fPFHgkoq1mmmpE92WlDbm9rNRd/EbRb+Gqf908T2DMfuHjjJlksiK2RbHVOdD/MqSw==
    dependencies:
      big.js "^5.2.2"
      emojis-list "^3.0.0"
      json5 "^2.1.2"
  
  lodash-es@^4.17.15:
    version "4.17.21"
    resolved "https://registry.npmmirror.com/lodash-es/-/lodash-es-4.17.21.tgz"
    integrity sha512-mKnC+QJ9pWVzv+C4/U3rRsHapFfHvQFoFB92e52xeyGMcX6/OlIl78je1u8vePzYZSkkogMPJ2yjxxsb89cxyw==
  
  lru-cache@^6.0.0:
    version "6.0.0"
    resolved "https://registry.npmmirror.com/lru-cache/-/lru-cache-6.0.0.tgz"
    integrity sha512-Jo6dJ04CmSjuznwJSS3pUeWmd/H0ffTlkXXgwZi+eq1UCmqQwCh+eLsYOYCwY991i2Fah4h1BEMCx4qThGbsiA==
    dependencies:
      yallist "^4.0.0"
  
  magic-string@^0.25.7:
    version "0.25.9"
    resolved "https://registry.npmmirror.com/magic-string/-/magic-string-0.25.9.tgz"
    integrity sha512-RmF0AsMzgt25qzqqLc1+MbHmhdx0ojF2Fvs4XnOqz2ZOBXzzkEwc/dJQZCYHAn7v1jbVOjAZfK8msRn4BxO4VQ==
    dependencies:
      sourcemap-codec "^1.4.8"
  
  make-dir@^2.1.0:
    version "2.1.0"
    resolved "https://registry.npmmirror.com/make-dir/-/make-dir-2.1.0.tgz"
    integrity sha512-LS9X+dc8KLxXCb8dni79fLIIUA5VyZoyjSMCwTluaXA0o27cCK0bhXkpgw+sTXVpPy/lSO57ilRixqk0vDmtRA==
    dependencies:
      pify "^4.0.1"
      semver "^5.6.0"
  
  merge-stream@^2.0.0:
    version "2.0.0"
    resolved "https://registry.npmmirror.com/merge-stream/-/merge-stream-2.0.0.tgz"
    integrity sha512-abv/qOcuPfk3URPfDzmZU1LKmuw8kT+0nIHvKrKgFrwifol/doWcdA4ZqsWQ8ENrFKkd67Mfpo/LovbIUsbt3w==
  
  merge2@^1.3.0:
    version "1.4.1"
    resolved "https://registry.npmmirror.com/merge2/-/merge2-1.4.1.tgz"
    integrity sha512-8q7VEgMJW4J8tcfVPy8g09NcQwZdbwFEqhe/WZkoIzjn/3TGDwtOCYtXGxA3O8tPzpczCCDgv+P2P5y00ZJOOg==
  
  micromatch@^4.0.4, micromatch@^4.0.5:
    version "4.0.5"
    resolved "https://registry.npmmirror.com/micromatch/-/micromatch-4.0.5.tgz"
    integrity sha512-DMy+ERcEW2q8Z2Po+WNXuw3c5YaUSFjAO5GsJqfEl7UjvtIuFKO6ZrKvcItdy98dwFI2N1tg3zNIdKaQT+aNdA==
    dependencies:
      braces "^3.0.2"
      picomatch "^2.3.1"
  
  mime-db@1.52.0:
    version "1.52.0"
    resolved "https://registry.npmmirror.com/mime-db/-/mime-db-1.52.0.tgz"
    integrity sha512-sPU4uV7dYlvtWJxwwxHD0PuihVNiE7TyAbQ5SWxDCB9mUYvOgroQOwYQQOKPJ8CIbE+1ETVlOoK1UC2nU3gYvg==
  
  mime-types@^2.1.12, mime-types@^2.1.27:
    version "2.1.35"
    resolved "https://registry.npmmirror.com/mime-types/-/mime-types-2.1.35.tgz"
    integrity sha512-ZDY+bPm5zTTF+YpCrAU9nK0UgICYPT0QtT1NZWFv4s++TNkcgVaT0g6+4R2uI4MjQjzysHB1zxuWL50hzaeXiw==
    dependencies:
      mime-db "1.52.0"
  
  mime@^1.4.1:
    version "1.6.0"
    resolved "https://registry.npmmirror.com/mime/-/mime-1.6.0.tgz"
    integrity sha512-x0Vn8spI+wuJ1O6S7gnbaQg8Pxh4NNHb7KSINmEWKiPE4RKOplvijn+NkmYmmRgP68mc70j2EbeTFRsrswaQeg==
  
  minimatch@^3.0.4:
    version "3.1.2"
    resolved "https://registry.npmmirror.com/minimatch/-/minimatch-3.1.2.tgz"
    integrity sha512-J7p63hRiAjw1NDEww1W7i37+ByIrOWO5XQQAzZ3VOcL0PNybwpfmV/N05zFAzwQ9USyEcX6t3UO+K5aqBQOIHw==
    dependencies:
      brace-expansion "^1.1.7"
  
  ms@^2.1.1:
    version "2.1.2"
    resolved "https://registry.npmmirror.com/ms/-/ms-2.1.2.tgz"
    integrity sha512-sGkPx+VjMtmA6MX27oA4FBFELFCZZ4S4XqeGOXCv68tT+jb3vk/RyaKWP0PTKyWtmLSM0b+adUTEvbs1PEaH2w==
  
  mz@^2.7.0:
    version "2.7.0"
    resolved "https://registry.npmmirror.com/mz/-/mz-2.7.0.tgz"
    integrity sha512-z81GNO7nnYMEhrGh9LeymoE4+Yr0Wn5McHIZMK5cfQCl+NDX08sCZgUc9/6MHni9IWuFLm1Z3HTCXu2z9fN62Q==
    dependencies:
      any-promise "^1.0.0"
      object-assign "^4.0.1"
      thenify-all "^1.0.0"
  
  nanoid@^3.3.4:
    version "3.3.6"
    resolved "https://registry.npmmirror.com/nanoid/-/nanoid-3.3.6.tgz"
    integrity sha512-BGcqMMJuToF7i1rt+2PWSNVnWIkGCU78jBG3RxO/bZlnZPK2Cmi2QaffxGO/2RvWi9sL+FAiRiXMgsyxQ1DIDA==
  
  needle@^3.1.0:
    version "3.2.0"
    resolved "https://registry.npmmirror.com/needle/-/needle-3.2.0.tgz"
    integrity sha512-oUvzXnyLiVyVGoianLijF9O/RecZUf7TkBfimjGrLM4eQhXyeJwM6GeAWccwfQ9aa4gMCZKqhAOuLaMIcQxajQ==
    dependencies:
      debug "^3.2.6"
      iconv-lite "^0.6.3"
      sax "^1.2.4"
  
  neo-async@^2.6.2:
    version "2.6.2"
    resolved "https://registry.npmmirror.com/neo-async/-/neo-async-2.6.2.tgz"
    integrity sha512-Yd3UES5mWCSqR+qNT93S3UoYUkqAZ9lLg8a7g9rimsWmYGK8cVToA4/sF3RrshdyV3sAGMXVUmpMYOw+dLpOuw==
  
  node-releases@^2.0.8:
    version "2.0.10"
    resolved "https://registry.npmmirror.com/node-releases/-/node-releases-2.0.10.tgz"
    integrity sha512-5GFldHPXVG/YZmFzJvKK2zDSzPKhEp0+ZR5SVaoSag9fsL5YgHbUHDfnG5494ISANDcK4KwPXAx2xqVEydmd7w==
  
  normalize-path@^3.0.0, normalize-path@~3.0.0:
    version "3.0.0"
    resolved "https://registry.npmmirror.com/normalize-path/-/normalize-path-3.0.0.tgz"
    integrity sha512-6eZs5Ls3WtCisHWp9S2GUy8dqkpGi4BVSz3GaqiE6ezub0512ESztXUwUB6C6IKbQkY2Pnb/mD4WYojCRwcwLA==
  
  normalize-range@^0.1.2:
    version "0.1.2"
    resolved "https://registry.npmmirror.com/normalize-range/-/normalize-range-0.1.2.tgz"
    integrity sha512-bdok/XvKII3nUpklnV6P2hxtMNrCboOjAcyBuQnWEhO665FwrSNRxU+AqpsyvO6LgGYPspN+lu5CLtw4jPRKNA==
  
  nprogress@^0.2.0:
    version "0.2.0"
    resolved "https://registry.npmmirror.com/nprogress/-/nprogress-0.2.0.tgz"
    integrity sha512-I19aIingLgR1fmhftnbWWO3dXc0hSxqHQHQb3H8m+K3TnEn/iSeTZZOyvKXWqQESMwuUVnatlCnZdLBZZt2VSA==
  
  object-assign@^4.0.1:
    version "4.1.1"
    resolved "https://registry.npmmirror.com/object-assign/-/object-assign-4.1.1.tgz"
    integrity sha512-rJgTQnkUnH1sFw8yT6VSU3zD3sWmu6sZhIseY8VX+GRu3P6F7Fu+JNDoXfklElbLJSnc3FUQHVe4cU5hj+BcUg==
  
  object-hash@^3.0.0:
    version "3.0.0"
    resolved "https://registry.npmmirror.com/object-hash/-/object-hash-3.0.0.tgz"
    integrity sha512-RSn9F68PjH9HqtltsSnqYC1XXoWe9Bju5+213R98cNGttag9q9yAOTzdbsqvIa7aNm5WffBZFpWYr2aWrklWAw==
  
  ometa@0.2.2:
    version "0.2.2"
    resolved "https://registry.npmmirror.com/ometa/-/ometa-0.2.2.tgz"
    integrity sha512-LZuoK/yjU3FvrxPjUXUlZ1bavCfBPqauA7fsNdwi+AVhRdyk2IzgP3JRnevvjzQ6fKHdUw8YISshf53FmpHrng==
  
  once@^1.3.0:
    version "1.4.0"
    resolved "https://registry.npmmirror.com/once/-/once-1.4.0.tgz"
    integrity sha512-lNaJgI+2Q5URQBkccEKHTQOPaXdUxnZZElQTZY0MFUAuaEqe1E+Nyvgdz/aIyNi6Z9MzO5dv1H8n58/GELp3+w==
    dependencies:
      wrappy "1"
  
  parse-node-version@^1.0.1:
    version "1.0.1"
    resolved "https://registry.npmmirror.com/parse-node-version/-/parse-node-version-1.0.1.tgz"
    integrity sha512-3YHlOa/JgH6Mnpr05jP9eDG254US9ek25LyIxZlDItp2iJtwyaXQb57lBYLdT3MowkUFYEV2XXNAYIPlESvJlA==
  
  path-is-absolute@^1.0.0:
    version "1.0.1"
    resolved "https://registry.npmmirror.com/path-is-absolute/-/path-is-absolute-1.0.1.tgz"
    integrity sha512-AVbw3UJ2e9bq64vSaS9Am0fje1Pa8pbGqTTsmXfaIiMpnr5DlDhfJOuLj9Sf95ZPVDAUerDfEk88MPmPe7UCQg==
  
  path-parse@^1.0.7:
    version "1.0.7"
    resolved "https://registry.npmmirror.com/path-parse/-/path-parse-1.0.7.tgz"
    integrity sha512-LDJzPVEEEPR+y48z93A0Ed0yXb8pAByGWo/k5YYdYgpY2/2EsOsksJrq7lOHxryrVOn1ejG6oAp8ahvOIQD8sw==
  
  picocolors@^1.0.0:
    version "1.0.0"
    resolved "https://registry.npmmirror.com/picocolors/-/picocolors-1.0.0.tgz"
    integrity sha512-1fygroTLlHu66zi26VoTDv8yRgm0Fccecssto+MhsZ0D/DGW2sm8E8AjW7NU5VVTRt5GxbeZ5qBuJr+HyLYkjQ==
  
  picomatch@^2.0.4, picomatch@^2.2.1, picomatch@^2.3.1:
    version "2.3.1"
    resolved "https://registry.npmmirror.com/picomatch/-/picomatch-2.3.1.tgz"
    integrity sha512-JU3teHTNjmE2VCGFzuY8EXzCDVwEqB2a8fsIvwaStHhAWJEeVd1o1QD80CU6+ZdEXXSLbSsuLwJjkCBWqRQUVA==
  
  pify@^2.3.0:
    version "2.3.0"
    resolved "https://registry.npmmirror.com/pify/-/pify-2.3.0.tgz"
    integrity sha512-udgsAY+fTnvv7kI7aaxbqwWNb0AHiB0qBO89PZKPkoTmGOgdbrHDKD+0B2X4uTfJ/FT1R09r9gTsjUjNJotuog==
  
  pify@^4.0.1:
    version "4.0.1"
    resolved "https://registry.npmmirror.com/pify/-/pify-4.0.1.tgz"
    integrity sha512-uB80kBFb/tfd68bVleG9T5GGsGPjJrLAUpR5PZIrhBnIaRTQRjqdJSsIKkOP6OAIFbj7GOrcudc5pNjZ+geV2g==
  
  pirates@^4.0.1:
    version "4.0.5"
    resolved "https://registry.npmmirror.com/pirates/-/pirates-4.0.5.tgz"
    integrity sha512-8V9+HQPupnaXMA23c5hvl69zXvTwTzyAYasnkb0Tts4XvO4CliqONMOnvlq26rkhLC3nWDFBJf73LU1e1VZLaQ==
  
  plupload@^2.3.9:
    version "2.3.9"
    resolved "https://registry.npmmirror.com/plupload/-/plupload-2.3.9.tgz"
    integrity sha512-IepB6QEuW0vDrHwXBiKx/c+Kou/2QVUwvddbCC+MxMmN3ThNXJEN9bZU2uaEbagLDAE1l+vWPaNVcE5noD1ojA==
  
  postcss-import@^14.1.0:
    version "14.1.0"
    resolved "https://registry.npmmirror.com/postcss-import/-/postcss-import-14.1.0.tgz"
    integrity sha512-flwI+Vgm4SElObFVPpTIT7SU7R3qk2L7PyduMcokiaVKuWv9d/U+Gm/QAd8NDLuykTWTkcrjOeD2Pp1rMeBTGw==
    dependencies:
      postcss-value-parser "^4.0.0"
      read-cache "^1.0.0"
      resolve "^1.1.7"
  
  postcss-js@^4.0.0:
    version "4.0.1"
    resolved "https://registry.npmmirror.com/postcss-js/-/postcss-js-4.0.1.tgz"
    integrity sha512-dDLF8pEO191hJMtlHFPRa8xsizHaM82MLfNkUHdUtVEV3tgTp5oj+8qbEqYM57SLfc74KSbw//4SeJma2LRVIw==
    dependencies:
      camelcase-css "^2.0.1"
  
  postcss-load-config@^3.1.4:
    version "3.1.4"
    resolved "https://registry.npmmirror.com/postcss-load-config/-/postcss-load-config-3.1.4.tgz"
    integrity sha512-6DiM4E7v4coTE4uzA8U//WhtPwyhiim3eyjEMFCnUpzbrkK9wJHgKDT2mR+HbtSrd/NubVaYTOpSpjUl8NQeRg==
    dependencies:
      lilconfig "^2.0.5"
      yaml "^1.10.2"
  
  postcss-modules-extract-imports@^3.0.0:
    version "3.0.0"
    resolved "https://registry.npmmirror.com/postcss-modules-extract-imports/-/postcss-modules-extract-imports-3.0.0.tgz"
    integrity sha512-bdHleFnP3kZ4NYDhuGlVK+CMrQ/pqUm8bx/oGL93K6gVwiclvX5x0n76fYMKuIGKzlABOy13zsvqjb0f92TEXw==
  
  postcss-modules-local-by-default@^4.0.0:
    version "4.0.0"
    resolved "https://registry.npmmirror.com/postcss-modules-local-by-default/-/postcss-modules-local-by-default-4.0.0.tgz"
    integrity sha512-sT7ihtmGSF9yhm6ggikHdV0hlziDTX7oFoXtuVWeDd3hHObNkcHRo9V3yg7vCAY7cONyxJC/XXCmmiHHcvX7bQ==
    dependencies:
      icss-utils "^5.0.0"
      postcss-selector-parser "^6.0.2"
      postcss-value-parser "^4.1.0"
  
  postcss-modules-scope@^3.0.0:
    version "3.0.0"
    resolved "https://registry.npmmirror.com/postcss-modules-scope/-/postcss-modules-scope-3.0.0.tgz"
    integrity sha512-hncihwFA2yPath8oZ15PZqvWGkWf+XUfQgUGamS4LqoP1anQLOsOJw0vr7J7IwLpoY9fatA2qiGUGmuZL0Iqlg==
    dependencies:
      postcss-selector-parser "^6.0.4"
  
  postcss-modules-values@^4.0.0:
    version "4.0.0"
    resolved "https://registry.npmmirror.com/postcss-modules-values/-/postcss-modules-values-4.0.0.tgz"
    integrity sha512-RDxHkAiEGI78gS2ofyvCsu7iycRv7oqw5xMWn9iMoR0N/7mf9D50ecQqUo5BZ9Zh2vH4bCUR/ktCqbB9m8vJjQ==
    dependencies:
      icss-utils "^5.0.0"
  
  postcss-nested@6.0.0:
    version "6.0.0"
    resolved "https://registry.npmmirror.com/postcss-nested/-/postcss-nested-6.0.0.tgz"
    integrity sha512-0DkamqrPcmkBDsLn+vQDIrtkSbNkv5AD/M322ySo9kqFkCIYklym2xEmWkwo+Y3/qZo34tzEPNUw4y7yMCdv5w==
    dependencies:
      postcss-selector-parser "^6.0.10"
  
  postcss-selector-parser@^6.0.10, postcss-selector-parser@^6.0.11, postcss-selector-parser@^6.0.2, postcss-selector-parser@^6.0.4:
    version "6.0.11"
    resolved "https://registry.npmmirror.com/postcss-selector-parser/-/postcss-selector-parser-6.0.11.tgz"
    integrity sha512-zbARubNdogI9j7WY4nQJBiNqQf3sLS3wCP4WfOidu+p28LofJqDH1tcXypGrcmMHhDk2t9wGhCsYe/+szLTy1g==
    dependencies:
      cssesc "^3.0.0"
      util-deprecate "^1.0.2"
  
  postcss-value-parser@^4.0.0, postcss-value-parser@^4.1.0, postcss-value-parser@^4.2.0:
    version "4.2.0"
    resolved "https://registry.npmmirror.com/postcss-value-parser/-/postcss-value-parser-4.2.0.tgz"
    integrity sha512-1NNCs6uurfkVbeXG4S8JFT9t19m45ICnif8zWLd5oPSZ50QnwMfK+H3jv408d4jw/7Bttv5axS5IiHoLaVNHeQ==
  
  postcss@^8.0.0, postcss@^8.0.9, postcss@^8.1.0, postcss@^8.1.10, postcss@^8.2.14, postcss@^8.2.15, postcss@^8.4.16, postcss@^8.4.18, postcss@^8.4.21, postcss@>=8.0.9:
    version "8.4.21"
    resolved "https://registry.npmmirror.com/postcss/-/postcss-8.4.21.tgz"
    integrity sha512-tP7u/Sn/dVxK2NnruI4H9BG+x+Wxz6oeZ1cJ8P6G/PZY0IKk4k/63TDsQf2kQq3+qoJeLm2kIBUNlZe3zgb4Zg==
    dependencies:
      nanoid "^3.3.4"
      picocolors "^1.0.0"
      source-map-js "^1.0.2"
  
  prr@~1.0.1:
    version "1.0.1"
    resolved "https://registry.npmmirror.com/prr/-/prr-1.0.1.tgz"
    integrity sha512-yPw4Sng1gWghHQWj0B3ZggWUm4qVbPwPFcRG8KyxiU7J2OHFSoEHKS+EZ3fv5l1t9CyCiop6l/ZYeWbrgoQejw==
  
  punycode@^2.1.0:
    version "2.3.0"
    resolved "https://registry.npmmirror.com/punycode/-/punycode-2.3.0.tgz"
    integrity sha512-rRV+zQD8tVFys26lAGR9WUuS4iUAngJScM+ZRSKtvl5tKeZ2t5bvdNFdNHBW9FWR4guGHlgmsZ1G7BSm2wTbuA==
  
  queue-microtask@^1.2.2:
    version "1.2.3"
    resolved "https://registry.npmmirror.com/queue-microtask/-/queue-microtask-1.2.3.tgz"
    integrity sha512-NuaNSa6flKT5JaSYQzJok04JzTL1CA6aGhv5rfLW3PgqA+M2ChpZQnAC8h8i4ZFkBS8X5RqkDBHA7r4hej3K9A==
  
  quick-lru@^5.1.1:
    version "5.1.1"
    resolved "https://registry.npmmirror.com/quick-lru/-/quick-lru-5.1.1.tgz"
    integrity sha512-WuyALRjWPDGtt/wzJiadO5AXY+8hZ80hVpe6MyivgraREW751X3SbhRvG3eLKOYN+8VEvqLcf3wdnt44Z4S4SA==
  
  randombytes@^2.1.0:
    version "2.1.0"
    resolved "https://registry.npmmirror.com/randombytes/-/randombytes-2.1.0.tgz"
    integrity sha512-vYl3iOX+4CKUWuxGi9Ukhie6fsqXqS9FE2Zaic4tNFD2N2QQaXOMFbuKK4QmDHC0JO6B1Zp41J0LpT0oR68amQ==
    dependencies:
      safe-buffer "^5.1.0"
  
  read-cache@^1.0.0:
    version "1.0.0"
    resolved "https://registry.npmmirror.com/read-cache/-/read-cache-1.0.0.tgz"
    integrity sha512-Owdv/Ft7IjOgm/i0xvNDZ1LrRANRfew4b2prF3OWMQLxLfu3bS8FVhCsrSCMK4lR56Y9ya+AThoTpDCTxCmpRA==
    dependencies:
      pify "^2.3.0"
  
  readdirp@~3.6.0:
    version "3.6.0"
    resolved "https://registry.npmmirror.com/readdirp/-/readdirp-3.6.0.tgz"
    integrity sha512-hOS089on8RduqdbhvQ5Z37A0ESjsqz6qnRcffsMU3495FuTdqSm+7bhJ29JvIOsBDEEnan5DPu9t3To9VRlMzA==
    dependencies:
      picomatch "^2.2.1"
  
  remixicon@^2.5.0:
    version "2.5.0"
    resolved "https://registry.npmmirror.com/remixicon/-/remixicon-2.5.0.tgz"
    integrity sha512-q54ra2QutYDZpuSnFjmeagmEiN9IMo56/zz5dDNitzKD23oFRw77cWo4TsrAdmdkPiEn8mxlrTqxnkujDbEGww==
  
  resize-observer-polyfill@^1.5.1:
    version "1.5.1"
    resolved "https://registry.npmmirror.com/resize-observer-polyfill/-/resize-observer-polyfill-1.5.1.tgz"
    integrity sha512-LwZrotdHOo12nQuZlHEmtuXdqGoOD0OhaxopaNFxWzInpEgaLWoVuAMbTzixuosCx2nEG58ngzW3vxdWoxIgdg==
  
  resolve@^1.1.7, resolve@^1.22.1:
    version "1.22.2"
    resolved "https://registry.npmmirror.com/resolve/-/resolve-1.22.2.tgz"
    integrity sha512-Sb+mjNHOULsBv818T40qSPeRiuWLyaGMa5ewydRLFimneixmVy2zdivRl+AF6jaYPC8ERxGDmFSiqui6SfPd+g==
    dependencies:
      is-core-module "^2.11.0"
      path-parse "^1.0.7"
      supports-preserve-symlinks-flag "^1.0.0"
  
  reusify@^1.0.4:
    version "1.0.4"
    resolved "https://registry.npmmirror.com/reusify/-/reusify-1.0.4.tgz"
    integrity sha512-U9nH88a3fc/ekCF1l0/UP1IosiuIjyTh7hBvXVMHYgVcfGvt897Xguj2UOLDeI5BG2m7/uwyaLVT6fbtCwTyzw==
  
  rollup@^2.79.1:
    version "2.79.1"
    resolved "https://registry.npmmirror.com/rollup/-/rollup-2.79.1.tgz"
    integrity sha512-uKxbd0IhMZOhjAiD5oAFp7BqvkA4Dv47qpOCtaNvng4HBwdbWtdOh8f5nZNuk2rp51PMGk3bzfWu5oayNEuYnw==
    optionalDependencies:
      fsevents "~2.3.2"
  
  run-parallel@^1.1.9:
    version "1.2.0"
    resolved "https://registry.npmmirror.com/run-parallel/-/run-parallel-1.2.0.tgz"
    integrity sha512-5l4VyZR86LZ/lDxZTR6jqL8AFE2S0IFLMP26AbjsLVADxHdhB/c0GUsH+y39UfCi3dzz8OlQuPmnaJOMoDHQBA==
    dependencies:
      queue-microtask "^1.2.2"
  
  safe-buffer@^5.1.0:
    version "5.2.1"
    resolved "https://registry.npmmirror.com/safe-buffer/-/safe-buffer-5.2.1.tgz"
    integrity sha512-rp3So07KcdmmKbGvgaNxQSJr7bGVSVk5S9Eq1F+ppbRo70+YeaDxkw5Dd8NPN+GD6bjnYm2VuPuCXmpuYvmCXQ==
  
  "safer-buffer@>= 2.1.2 < 3.0.0":
    version "2.1.2"
    resolved "https://registry.npmmirror.com/safer-buffer/-/safer-buffer-2.1.2.tgz"
    integrity sha512-YZo3K82SD7Riyi0E1EQPojLz7kpepnSQI9IyPbHHg1XXXevb5dJI7tpyN2ADxGcQbHG7vcyRHk0cbwqcQriUtg==
  
  sass@*, sass@^1.54.5:
    version "1.62.0"
    resolved "https://registry.npmmirror.com/sass/-/sass-1.62.0.tgz"
    integrity sha512-Q4USplo4pLYgCi+XlipZCWUQz5pkg/ruSSgJ0WRDSb/+3z9tXUOkQ7QPYn4XrhZKYAK4HlpaQecRwKLJX6+DBg==
    dependencies:
      chokidar ">=3.0.0 <4.0.0"
      immutable "^4.0.0"
      source-map-js ">=0.6.2 <2.0.0"
  
  sax@^1.2.4:
    version "1.2.4"
    resolved "https://registry.npmmirror.com/sax/-/sax-1.2.4.tgz"
    integrity sha512-NqVDv9TpANUjFm0N8uM5GxL36UgKi9/atZw+x7YFnQ8ckwFGKrl4xX4yWtrey3UJm5nP1kUbnYgLopqWNSRhWw==
  
  schema-utils@^3.0.0, schema-utils@^3.1.0, schema-utils@^3.1.1:
    version "3.1.1"
    resolved "https://registry.npmmirror.com/schema-utils/-/schema-utils-3.1.1.tgz"
    integrity sha512-Y5PQxS4ITlC+EahLuXaY86TXfR7Dc5lw294alXOq86JAHCihAIZfqv8nNCWvaEJvaC51uN9hbLGeV0cFBdH+Fw==
    dependencies:
      "@types/json-schema" "^7.0.8"
      ajv "^6.12.5"
      ajv-keywords "^3.5.2"
  
  scss@^0.2.4:
    version "0.2.4"
    resolved "https://registry.npmmirror.com/scss/-/scss-0.2.4.tgz"
    integrity sha512-4u8V87F+Q/upVhUmhPnB4C1R11xojkRkWjExL2v0CX2EXTg18VrKd+9JWoeyCp2VEMdSpJsyAvVU+rVjogh51A==
    dependencies:
      ometa "0.2.2"
  
  select@^1.1.2:
    version "1.1.2"
    resolved "https://registry.npmmirror.com/select/-/select-1.1.2.tgz"
    integrity sha512-OwpTSOfy6xSs1+pwcNrv0RBMOzI39Lp3qQKUTPVVPRjCdNa5JH/oPRiqsesIskK8TVgmRiHwO4KXlV2Li9dANA==
  
  semver@^5.6.0:
    version "5.7.1"
    resolved "https://registry.npmmirror.com/semver/-/semver-5.7.1.tgz"
    integrity sha512-sauaDf/PZdVgrLTNYHRtpXa1iRiKcaebiKQ1BJdpQlWH2lCvexQdX55snPFyK7QzpudqbCI0qXFfOasHdyNDGQ==
  
  semver@^7.3.5:
    version "7.4.0"
    resolved "https://registry.npmmirror.com/semver/-/semver-7.4.0.tgz"
    integrity sha512-RgOxM8Mw+7Zus0+zcLEUn8+JfoLpj/huFTItQy2hsM4khuC1HYRDp0cU482Ewn/Fcy6bCjufD8vAj7voC66KQw==
    dependencies:
      lru-cache "^6.0.0"
  
  serialize-javascript@^6.0.1:
    version "6.0.1"
    resolved "https://registry.npmmirror.com/serialize-javascript/-/serialize-javascript-6.0.1.tgz"
    integrity sha512-owoXEFjWRllis8/M1Q+Cw5k8ZH40e3zhp/ovX+Xr/vi1qj6QesbyXXViFbpNvWvPNAD62SutwEXavefrLJWj7w==
    dependencies:
      randombytes "^2.1.0"
  
  source-map-js@^1.0.2, "source-map-js@>=0.6.2 <2.0.0":
    version "1.0.2"
    resolved "https://registry.npmmirror.com/source-map-js/-/source-map-js-1.0.2.tgz"
    integrity sha512-R0XvVJ9WusLiqTCEiGCmICCMplcCkIwwR11mOSD9CR5u+IXYdiseeEuXCVAjS54zqwkLcPNnmU4OeJ6tUrWhDw==
  
  source-map-support@~0.5.20:
    version "0.5.21"
    resolved "https://registry.npmmirror.com/source-map-support/-/source-map-support-0.5.21.tgz"
    integrity sha512-uBHU3L3czsIyYXKX88fdrGovxdSCoTGDRZ6SYXtSRxLZUzHg5P/66Ht6uoUlHu9EZod+inXhKo3qQgwXUT/y1w==
    dependencies:
      buffer-from "^1.0.0"
      source-map "^0.6.0"
  
  source-map@^0.6.0, source-map@^0.6.1, source-map@~0.6.0:
    version "0.6.1"
    resolved "https://registry.npmmirror.com/source-map/-/source-map-0.6.1.tgz"
    integrity sha512-UjgapumWlbMhkBgzT7Ykc5YXUT46F0iKu8SGXq0bcwP5dz/h0Plj6enJqjz1Zbq2l5WaqYnrVbwWOWMyF3F47g==
  
  sourcemap-codec@^1.4.8:
    version "1.4.8"
    resolved "https://registry.npmmirror.com/sourcemap-codec/-/sourcemap-codec-1.4.8.tgz"
    integrity sha512-9NykojV5Uih4lgo5So5dtw+f0JgJX30KCNI8gwhz2J9A15wD0Ml6tjHKwf6fTSa6fAdVBdZeNOs9eJ71qCk8vA==
  
  sucrase@^3.29.0:
    version "3.32.0"
    resolved "https://registry.npmmirror.com/sucrase/-/sucrase-3.32.0.tgz"
    integrity sha512-ydQOU34rpSyj2TGyz4D2p8rbktIOZ8QY9s+DGLvFU1i5pWJE8vkpruCjGCMHsdXwnD7JDcS+noSwM/a7zyNFDQ==
    dependencies:
      "@jridgewell/gen-mapping" "^0.3.2"
      commander "^4.0.0"
      glob "7.1.6"
      lines-and-columns "^1.1.6"
      mz "^2.7.0"
      pirates "^4.0.1"
      ts-interface-checker "^0.1.9"
  
  supports-color@^8.0.0:
    version "8.1.1"
    resolved "https://registry.npmmirror.com/supports-color/-/supports-color-8.1.1.tgz"
    integrity sha512-MpUEN2OodtUzxvKQl72cUF7RQ5EiHsGvSsVG0ia9c5RbWGL2CI4C7EpPS8UTBIplnlzZiNuV56w+FuNxy3ty2Q==
    dependencies:
      has-flag "^4.0.0"
  
  supports-preserve-symlinks-flag@^1.0.0:
    version "1.0.0"
    resolved "https://registry.npmmirror.com/supports-preserve-symlinks-flag/-/supports-preserve-symlinks-flag-1.0.0.tgz"
    integrity sha512-ot0WnXS9fgdkgIcePe6RHNk1WA8+muPa6cSjeR3V8K27q9BB1rTE3R1p7Hv0z1ZyAc8s6Vvv8DIyWf681MAt0w==
  
  tailwindcss@^3.1.8:
    version "3.3.1"
    resolved "https://registry.npmmirror.com/tailwindcss/-/tailwindcss-3.3.1.tgz"
    integrity sha512-Vkiouc41d4CEq0ujXl6oiGFQ7bA3WEhUZdTgXAhtKxSy49OmKs8rEfQmupsfF0IGW8fv2iQkp1EVUuapCFrZ9g==
    dependencies:
      arg "^5.0.2"
      chokidar "^3.5.3"
      color-name "^1.1.4"
      didyoumean "^1.2.2"
      dlv "^1.1.3"
      fast-glob "^3.2.12"
      glob-parent "^6.0.2"
      is-glob "^4.0.3"
      jiti "^1.17.2"
      lilconfig "^2.0.6"
      micromatch "^4.0.5"
      normalize-path "^3.0.0"
      object-hash "^3.0.0"
      picocolors "^1.0.0"
      postcss "^8.0.9"
      postcss-import "^14.1.0"
      postcss-js "^4.0.0"
      postcss-load-config "^3.1.4"
      postcss-nested "6.0.0"
      postcss-selector-parser "^6.0.11"
      postcss-value-parser "^4.2.0"
      quick-lru "^5.1.1"
      resolve "^1.22.1"
      sucrase "^3.29.0"
  
  tapable@^2.1.1, tapable@^2.2.0:
    version "2.2.1"
    resolved "https://registry.npmmirror.com/tapable/-/tapable-2.2.1.tgz"
    integrity sha512-GNzQvQTOIP6RyTfE2Qxb8ZVlNmw0n88vp1szwWRimP02mnTsx3Wtn5qRdqY9w2XduFNUgvOwhNnQsjwCp+kqaQ==
  
  terser-webpack-plugin@^5.3.7:
    version "5.3.7"
    resolved "https://registry.npmmirror.com/terser-webpack-plugin/-/terser-webpack-plugin-5.3.7.tgz"
    integrity sha512-AfKwIktyP7Cu50xNjXF/6Qb5lBNzYaWpU6YfoX3uZicTx0zTy0stDDCsvjDapKsSDvOeWo5MEq4TmdBy2cNoHw==
    dependencies:
      "@jridgewell/trace-mapping" "^0.3.17"
      jest-worker "^27.4.5"
      schema-utils "^3.1.1"
      serialize-javascript "^6.0.1"
      terser "^5.16.5"
  
  terser@^5.16.5, terser@^5.4.0:
    version "5.16.9"
    resolved "https://registry.npmmirror.com/terser/-/terser-5.16.9.tgz"
    integrity sha512-HPa/FdTB9XGI2H1/keLFZHxl6WNvAI4YalHGtDQTlMnJcoqSab1UwL4l1hGEhs6/GmLHBZIg/YgB++jcbzoOEg==
    dependencies:
      "@jridgewell/source-map" "^0.3.2"
      acorn "^8.5.0"
      commander "^2.20.0"
      source-map-support "~0.5.20"
  
  thenify-all@^1.0.0:
    version "1.6.0"
    resolved "https://registry.npmmirror.com/thenify-all/-/thenify-all-1.6.0.tgz"
    integrity sha512-RNxQH/qI8/t3thXJDwcstUO4zeqo64+Uy/+sNVRBx4Xn2OX+OZ9oP+iJnNFqplFra2ZUVeKCSa2oVWi3T4uVmA==
    dependencies:
      thenify ">= 3.1.0 < 4"
  
  "thenify@>= 3.1.0 < 4":
    version "3.3.1"
    resolved "https://registry.npmmirror.com/thenify/-/thenify-3.3.1.tgz"
    integrity sha512-RVZSIV5IG10Hk3enotrhvz0T9em6cyHBLkH/YAZuKqd8hRkKhSfCGIcP2KUY0EPxndzANBmNllzWPwak+bheSw==
    dependencies:
      any-promise "^1.0.0"
  
  tiny-emitter@^2.0.0:
    version "2.1.0"
    resolved "https://registry.npmmirror.com/tiny-emitter/-/tiny-emitter-2.1.0.tgz"
    integrity sha512-NB6Dk1A9xgQPMoGqC5CVXn123gWyte215ONT5Pp5a0yt4nlEoO1ZWeCwpncaekPHXO60i47ihFnZPiRPjRMq4Q==
  
  to-regex-range@^5.0.1:
    version "5.0.1"
    resolved "https://registry.npmmirror.com/to-regex-range/-/to-regex-range-5.0.1.tgz"
    integrity sha512-65P7iz6X5yEr1cwcgvQxbbIw7Uk3gOy5dIdtZ4rDveLqhrdJP+Li/Hx6tyK0NEb+2GCyneCMJiGqrADCSNk8sQ==
    dependencies:
      is-number "^7.0.0"
  
  ts-interface-checker@^0.1.9:
    version "0.1.13"
    resolved "https://registry.npmmirror.com/ts-interface-checker/-/ts-interface-checker-0.1.13.tgz"
    integrity sha512-Y/arvbn+rrz3JCKl9C4kVNfTfSm2/mEp5FSz5EsZSANGPSlQrpRI5M4PKF+mJnE52jOO90PnPSc3Ur3bTQw0gA==
  
  tslib@^2.3.0:
    version "2.5.0"
    resolved "https://registry.npmmirror.com/tslib/-/tslib-2.5.0.tgz"
    integrity sha512-336iVw3rtn2BUK7ORdIAHTyxHGRIHVReokCR3XjbckJMK7ms8FysBfhLR8IXnAgy7T0PTPNBWKiH514FOW/WSg==
  
  tslib@2.3.0:
    version "2.3.0"
    resolved "https://registry.npmmirror.com/tslib/-/tslib-2.3.0.tgz"
    integrity sha512-N82ooyxVNm6h1riLCoyS9e3fuJ3AMG2zIZs2Gd1ATcSFjSA23Q0fzjjZeh0jbJvWVDZ0cJT8yaNNaaXHzueNjg==
  
  update-browserslist-db@^1.0.10:
    version "1.0.10"
    resolved "https://registry.npmmirror.com/update-browserslist-db/-/update-browserslist-db-1.0.10.tgz"
    integrity sha512-OztqDenkfFkbSG+tRxBeAnCVPckDBcvibKd35yDONx6OU8N7sqgwc7rCbkJ/WcYtVRZ4ba68d6byhC21GFh7sQ==
    dependencies:
      escalade "^3.1.1"
      picocolors "^1.0.0"
  
  uri-js@^4.2.2:
    version "4.4.1"
    resolved "https://registry.npmmirror.com/uri-js/-/uri-js-4.4.1.tgz"
    integrity sha512-7rKUyy33Q1yc98pQ1DAmLtwX109F7TIfWlW1Ydo8Wl1ii1SeHieeh0HHfPeL2fMXK6z0s8ecKs9frCuLJvndBg==
    dependencies:
      punycode "^2.1.0"
  
  util-deprecate@^1.0.2:
    version "1.0.2"
    resolved "https://registry.npmmirror.com/util-deprecate/-/util-deprecate-1.0.2.tgz"
    integrity sha512-EPD5q1uXyFxJpCrLnCc1nHnq3gOa6DZBocAIiI2TaSCA7VCJ1UJDMagCzIkXNsUYfD1daK//LTEQ8xiIbrHtcw==
  
  v-clipboard@^2.2.3:
    version "2.2.3"
    resolved "https://registry.npmmirror.com/v-clipboard/-/v-clipboard-2.2.3.tgz"
    integrity sha512-Wg+ObZoYK6McHb5OOCFWvm0R7xHp0/p0G1ocx/8bO22jvA/yVY05rADbfiztwCokXBNfQuGv/XSd1ozcTFgekw==
  
  vite@^3.0.0, vite@^3.0.7:
    version "3.2.5"
    resolved "https://registry.npmmirror.com/vite/-/vite-3.2.5.tgz"
    integrity sha512-4mVEpXpSOgrssFZAOmGIr85wPHKvaDAcXqxVxVRZhljkJOMZi1ibLibzjLHzJvcok8BMguLc7g1W6W/GqZbLdQ==
    dependencies:
      esbuild "^0.15.9"
      postcss "^8.4.18"
      resolve "^1.22.1"
      rollup "^2.79.1"
    optionalDependencies:
      fsevents "~2.3.2"
  
  vue-axios@^3.4.1:
    version "3.5.2"
    resolved "https://registry.npmmirror.com/vue-axios/-/vue-axios-3.5.2.tgz"
    integrity sha512-GP+dct7UlAWkl1qoP3ppw0z6jcSua5/IrMpjB5O8bh089iIiJ+hdxPYH2NPEpajlYgkW5EVMP95ttXWdas1O0g==
  
  vue-clipboard3@^2.0.0:
    version "2.0.0"
    resolved "https://registry.npmmirror.com/vue-clipboard3/-/vue-clipboard3-2.0.0.tgz"
    integrity sha512-Q9S7dzWGax7LN5iiSPcu/K1GGm2gcBBlYwmMsUc5/16N6w90cbKow3FnPmPs95sungns4yvd9/+JhbAznECS2A==
    dependencies:
      clipboard "^2.0.6"
  
  vue-router@^4.1.3:
    version "4.1.6"
    resolved "https://registry.npmmirror.com/vue-router/-/vue-router-4.1.6.tgz"
    integrity sha512-DYWYwsG6xNPmLq/FmZn8Ip+qrhFEzA14EI12MsMgVxvHFDYvlr4NXpVF5hrRH1wVcDP8fGi5F4rxuJSl8/r+EQ==
    dependencies:
      "@vue/devtools-api" "^6.4.5"
  
  "vue@^3.0.0 || ^2.0.0", vue@^3.2.0, vue@^3.2.25, vue@^3.2.37, vue@^3.2.45, vue@3.2.47:
    version "3.2.47"
    resolved "https://registry.npmmirror.com/vue/-/vue-3.2.47.tgz"
    integrity sha512-60188y/9Dc9WVrAZeUVSDxRQOZ+z+y5nO2ts9jWXSTkMvayiWxCWOWtBQoYjLeccfXkiiPZWAHcV+WTPhkqJHQ==
    dependencies:
      "@vue/compiler-dom" "3.2.47"
      "@vue/compiler-sfc" "3.2.47"
      "@vue/runtime-dom" "3.2.47"
      "@vue/server-renderer" "3.2.47"
      "@vue/shared" "3.2.47"
  
  vue3-echarts@^1.0.4:
    version "1.1.0"
    resolved "https://registry.npmmirror.com/vue3-echarts/-/vue3-echarts-1.1.0.tgz"
    integrity sha512-nSISmvVYHRAcD5+RX9QwITWUuduGd7pcq+zDpuI4wADpr6fAU+t4liGupbUAquEvOBfN+8XZgWjGm6RIPRq/jw==
    dependencies:
      echarts "^5.4.0"
      resize-observer-polyfill "^1.5.1"
      vue "^3.2.45"
  
  vuex@^4.0.2:
    version "4.1.0"
    resolved "https://registry.npmmirror.com/vuex/-/vuex-4.1.0.tgz"
    integrity sha512-hmV6UerDrPcgbSy9ORAtNXDr9M4wlNP4pEFKye4ujJF8oqgFFuxDCdOLS3eNoRTtq5O3hoBDh9Doj1bQMYHRbQ==
    dependencies:
      "@vue/devtools-api" "^6.0.0-beta.11"
  
  watchpack@^2.4.0:
    version "2.4.0"
    resolved "https://registry.npmmirror.com/watchpack/-/watchpack-2.4.0.tgz"
    integrity sha512-Lcvm7MGST/4fup+ifyKi2hjyIAwcdI4HRgtvTpIUxBRhB+RFtUh8XtDOxUfctVCnhVi+QQj49i91OyvzkJl6cg==
    dependencies:
      glob-to-regexp "^0.4.1"
      graceful-fs "^4.1.2"
  
  webpack-sources@^3.2.3:
    version "3.2.3"
    resolved "https://registry.npmmirror.com/webpack-sources/-/webpack-sources-3.2.3.tgz"
    integrity sha512-/DyMEOrDgLKKIG0fmvtz+4dUX/3Ghozwgm6iPp8KRhvn+eQf9+Q7GWxVNMk3+uCPWfdXYC4ExGBckIXdFEfH1w==
  
  "webpack@^4.27.0 || ^5.0.0", webpack@^5.1.0:
    version "5.79.0"
    resolved "https://registry.npmmirror.com/webpack/-/webpack-5.79.0.tgz"
    integrity sha512-3mN4rR2Xq+INd6NnYuL9RC9GAmc1ROPKJoHhrZ4pAjdMFEkJJWrsPw8o2JjCIyQyTu7rTXYn4VG6OpyB3CobZg==
    dependencies:
      "@types/eslint-scope" "^3.7.3"
      "@types/estree" "^1.0.0"
      "@webassemblyjs/ast" "1.11.1"
      "@webassemblyjs/wasm-edit" "1.11.1"
      "@webassemblyjs/wasm-parser" "1.11.1"
      acorn "^8.7.1"
      acorn-import-assertions "^1.7.6"
      browserslist "^4.14.5"
      chrome-trace-event "^1.0.2"
      enhanced-resolve "^5.10.0"
      es-module-lexer "^1.2.1"
      eslint-scope "5.1.1"
      events "^3.2.0"
      glob-to-regexp "^0.4.1"
      graceful-fs "^4.2.9"
      json-parse-even-better-errors "^2.3.1"
      loader-runner "^4.2.0"
      mime-types "^2.1.27"
      neo-async "^2.6.2"
      schema-utils "^3.1.0"
      tapable "^2.1.1"
      terser-webpack-plugin "^5.3.7"
      watchpack "^2.4.0"
      webpack-sources "^3.2.3"
  
  wrappy@1:
    version "1.0.2"
    resolved "https://registry.npmmirror.com/wrappy/-/wrappy-1.0.2.tgz"
    integrity sha512-l4Sp/DRseor9wL6EvV2+TuQn63dMkPjZ/sp9XkghTEbV9KlPS1xUsZ3u7/IQO4wxtcFB4bgpQPRcR3QCvezPcQ==
  
  yallist@^4.0.0:
    version "4.0.0"
    resolved "https://registry.npmmirror.com/yallist/-/yallist-4.0.0.tgz"
    integrity sha512-3wdGidZyq5PB084XLES5TpOSRA3wjXAlIWMhum2kRcv/41Sn2emQ0dycQW4uZXLejwKvg6EsvbdlVL+FYEct7A==
  
  yaml@^1.10.2:
    version "1.10.2"
    resolved "https://registry.npmmirror.com/yaml/-/yaml-1.10.2.tgz"
    integrity sha512-r3vXyErRCYJ7wg28yvBY5VSoAF8ZvlcW9/BwUzEtUsjvX/DKs24dIkuwjtuprwJJHsbyUbLApepYTR1BN4uHrg==
  
  zrender@5.4.3:
    version "5.4.3"
    resolved "https://registry.npmmirror.com/zrender/-/zrender-5.4.3.tgz"
    integrity sha512-DRUM4ZLnoaT0PBVvGBDO9oWIDBKFdAVieNWxWwK0niYzJCMwGchRk21/hsE+RKkIveH3XHCyvXcJDkgLVvfizQ==
    dependencies:
      tslib "2.3.0"
